This is pdfTeX, Version 3.14159265-2.6-1.40.20 (TeX Live 2019/Debian) (preloaded format=pdflatex 2020.10.14)  31 DEC 2020 10:01
entering extended mode
 restricted \write18 enabled.
 %&-line parsing enabled.
**LANCET_DIGIONCO_SUP.tex
(./LANCET_DIGIONCO_SUP.tex
LaTeX2e <2020-02-02> patch level 2
L3 programming layer <2020-02-14>
(/usr/share/texlive/texmf-dist/tex/latex/elsarticle/elsarticle.cls
Document Class: elsarticle 2019/02/25, 3.2: Elsevier Ltd
\@bls=\dimen134
(/usr/share/texlive/texmf-dist/tex/latex/base/article.cls
Document Class: article 2019/12/20 v1.4l Standard LaTeX document class
(/usr/share/texlive/texmf-dist/tex/latex/base/size10.clo
File: size10.clo 2019/12/20 v1.4l Standard LaTeX file (size option)
)
\c@part=\count167
\c@section=\count168
\c@subsection=\count169
\c@subsubsection=\count170
\c@paragraph=\count171
\c@subparagraph=\count172
\c@figure=\count173
\c@table=\count174
\abovecaptionskip=\skip47
\belowcaptionskip=\skip48
\bibindent=\dimen135
)
(/usr/share/texlive/texmf-dist/tex/latex/graphics/graphicx.sty
Package: graphicx 2019/11/30 v1.2a Enhanced LaTeX Graphics (DPC,SPQR)

(/usr/share/texlive/texmf-dist/tex/latex/graphics/keyval.sty
Package: keyval 2014/10/28 v1.15 key=value parser (DPC)
\KV@toks@=\toks14
)
(/usr/share/texlive/texmf-dist/tex/latex/graphics/graphics.sty
Package: graphics 2019/11/30 v1.4a Standard LaTeX Graphics (DPC,SPQR)

(/usr/share/texlive/texmf-dist/tex/latex/graphics/trig.sty
Package: trig 2016/01/03 v1.10 sin cos tan (DPC)
)
(/usr/share/texlive/texmf-dist/tex/latex/graphics-cfg/graphics.cfg
File: graphics.cfg 2016/06/04 v1.11 sample graphics configuration
)
Package graphics Info: Driver file: pdftex.def on input line 105.

(/usr/share/texlive/texmf-dist/tex/latex/graphics-def/pdftex.def
File: pdftex.def 2018/01/08 v1.0l Graphics/color driver for pdftex
))
\Gin@req@height=\dimen136
\Gin@req@width=\dimen137
)
\c@tnote=\count175
\c@fnote=\count176
\c@cnote=\count177
\c@ead=\count178
\c@author=\count179
\@eadauthor=\toks15
\c@affn=\count180
\absbox=\box45
\elsarticlehighlightsbox=\box46
\elsarticlegrabsbox=\box47
\keybox=\box48
\Columnwidth=\dimen138
\space@left=\dimen139
\els@boxa=\box49
\els@boxb=\box50
\leftMargin=\dimen140
\@enLab=\toks16
\@sep=\skip49
\@@sep=\skip50

(./LANCET_DIGIONCO_SUP.spl)
(/usr/share/texlive/texmf-dist/tex/latex/natbib/natbib.sty
Package: natbib 2010/09/13 8.31b (PWD, AO)
\bibhang=\skip51
\bibsep=\skip52
LaTeX Info: Redefining \cite on input line 694.
\c@NAT@ctr=\count181
)
\splwrite=\write3
\openout3 = `LANCET_DIGIONCO_SUP.spl'.


(/usr/share/texlive/texmf-dist/tex/latex/geometry/geometry.sty
Package: geometry 2020/01/02 v5.9 Page Geometry

(/usr/share/texlive/texmf-dist/tex/generic/iftex/ifvtex.sty
Package: ifvtex 2019/10/25 v1.7 ifvtex legacy package. Use iftex instead.

(/usr/share/texlive/texmf-dist/tex/generic/iftex/iftex.sty
Package: iftex 2019/11/07 v1.0c TeX engine tests
))
\Gm@cnth=\count182
\Gm@cntv=\count183
\c@Gm@tempcnt=\count184
\Gm@bindingoffset=\dimen141
\Gm@wd@mp=\dimen142
\Gm@odd@mp=\dimen143
\Gm@even@mp=\dimen144
\Gm@layoutwidth=\dimen145
\Gm@layoutheight=\dimen146
\Gm@layouthoffset=\dimen147
\Gm@layoutvoffset=\dimen148
\Gm@dimlist=\toks17
)
\appnamewidth=\dimen149
)
(/usr/share/texlive/texmf-dist/tex/latex/txfonts/txfonts.sty
Package: txfonts 2008/01/22 v3.2.1
LaTeX Font Info:    Redeclaring symbol font `operators' on input line 21.
LaTeX Font Info:    Overwriting symbol font `operators' in version `normal'
(Font)                  OT1/cmr/m/n --> OT1/txr/m/n on input line 21.
LaTeX Font Info:    Overwriting symbol font `operators' in version `bold'
(Font)                  OT1/cmr/bx/n --> OT1/txr/m/n on input line 21.
LaTeX Font Info:    Overwriting symbol font `operators' in version `bold'
(Font)                  OT1/txr/m/n --> OT1/txr/bx/n on input line 22.
\symitalic=\mathgroup4
LaTeX Font Info:    Overwriting symbol font `italic' in version `bold'
(Font)                  OT1/txr/m/it --> OT1/txr/bx/it on input line 26.
LaTeX Font Info:    Redeclaring math alphabet \mathbf on input line 29.
LaTeX Font Info:    Overwriting math alphabet `\mathbf' in version `normal'
(Font)                  OT1/cmr/bx/n --> OT1/txr/bx/n on input line 29.
LaTeX Font Info:    Overwriting math alphabet `\mathbf' in version `bold'
(Font)                  OT1/cmr/bx/n --> OT1/txr/bx/n on input line 29.
LaTeX Font Info:    Redeclaring math alphabet \mathit on input line 30.
LaTeX Font Info:    Overwriting math alphabet `\mathit' in version `normal'
(Font)                  OT1/cmr/m/it --> OT1/txr/m/it on input line 30.
LaTeX Font Info:    Overwriting math alphabet `\mathit' in version `bold'
(Font)                  OT1/cmr/bx/it --> OT1/txr/m/it on input line 30.
LaTeX Font Info:    Overwriting math alphabet `\mathit' in version `bold'
(Font)                  OT1/txr/m/it --> OT1/txr/bx/it on input line 31.
LaTeX Font Info:    Redeclaring math alphabet \mathsf on input line 40.
LaTeX Font Info:    Overwriting math alphabet `\mathsf' in version `normal'
(Font)                  OT1/cmss/m/n --> OT1/txss/m/n on input line 40.
LaTeX Font Info:    Overwriting math alphabet `\mathsf' in version `bold'
(Font)                  OT1/cmss/bx/n --> OT1/txss/m/n on input line 40.
LaTeX Font Info:    Overwriting math alphabet `\mathsf' in version `bold'
(Font)                  OT1/txss/m/n --> OT1/txss/b/n on input line 41.
LaTeX Font Info:    Redeclaring math alphabet \mathtt on input line 50.
LaTeX Font Info:    Overwriting math alphabet `\mathtt' in version `normal'
(Font)                  OT1/cmtt/m/n --> OT1/txtt/m/n on input line 50.
LaTeX Font Info:    Overwriting math alphabet `\mathtt' in version `bold'
(Font)                  OT1/cmtt/m/n --> OT1/txtt/m/n on input line 50.
LaTeX Font Info:    Overwriting math alphabet `\mathtt' in version `bold'
(Font)                  OT1/txtt/m/n --> OT1/txtt/b/n on input line 51.
LaTeX Font Info:    Redeclaring symbol font `letters' on input line 58.
LaTeX Font Info:    Overwriting symbol font `letters' in version `normal'
(Font)                  OML/cmm/m/it --> OML/txmi/m/it on input line 58.
LaTeX Font Info:    Overwriting symbol font `letters' in version `bold'
(Font)                  OML/cmm/b/it --> OML/txmi/m/it on input line 58.
LaTeX Font Info:    Overwriting symbol font `letters' in version `bold'
(Font)                  OML/txmi/m/it --> OML/txmi/bx/it on input line 59.
\symlettersA=\mathgroup5
LaTeX Font Info:    Overwriting symbol font `lettersA' in version `bold'
(Font)                  U/txmia/m/it --> U/txmia/bx/it on input line 67.
LaTeX Font Info:    Redeclaring symbol font `symbols' on input line 77.
LaTeX Font Info:    Overwriting symbol font `symbols' in version `normal'
(Font)                  OMS/cmsy/m/n --> OMS/txsy/m/n on input line 77.
LaTeX Font Info:    Overwriting symbol font `symbols' in version `bold'
(Font)                  OMS/cmsy/b/n --> OMS/txsy/m/n on input line 77.
LaTeX Font Info:    Overwriting symbol font `symbols' in version `bold'
(Font)                  OMS/txsy/m/n --> OMS/txsy/bx/n on input line 78.
\symAMSa=\mathgroup6
LaTeX Font Info:    Overwriting symbol font `AMSa' in version `bold'
(Font)                  U/txsya/m/n --> U/txsya/bx/n on input line 94.
\symAMSb=\mathgroup7
LaTeX Font Info:    Overwriting symbol font `AMSb' in version `bold'
(Font)                  U/txsyb/m/n --> U/txsyb/bx/n on input line 103.
\symsymbolsC=\mathgroup8
LaTeX Font Info:    Overwriting symbol font `symbolsC' in version `bold'
(Font)                  U/txsyc/m/n --> U/txsyc/bx/n on input line 113.
LaTeX Font Info:    Redeclaring symbol font `largesymbols' on input line 120.
LaTeX Font Info:    Overwriting symbol font `largesymbols' in version `normal'
(Font)                  OMX/cmex/m/n --> OMX/txex/m/n on input line 120.
LaTeX Font Info:    Overwriting symbol font `largesymbols' in version `bold'
(Font)                  OMX/cmex/m/n --> OMX/txex/m/n on input line 120.
LaTeX Font Info:    Overwriting symbol font `largesymbols' in version `bold'
(Font)                  OMX/txex/m/n --> OMX/txex/bx/n on input line 121.
\symlargesymbolsA=\mathgroup9
LaTeX Font Info:    Overwriting symbol font `largesymbolsA' in version `bold'
(Font)                  U/txexa/m/n --> U/txexa/bx/n on input line 129.
LaTeX Font Info:    Redeclaring math symbol \mathsterling on input line 164.
LaTeX Font Info:    Redeclaring math symbol \hbar on input line 591.
LaTeX Info: Redefining \not on input line 1043.
)
(/usr/share/texlive/texmf-dist/tex/latex/amsfonts/amssymb.sty
Package: amssymb 2013/01/14 v3.01 AMS font symbols

(/usr/share/texlive/texmf-dist/tex/latex/amsfonts/amsfonts.sty
Package: amsfonts 2013/01/14 v3.01 Basic AMSFonts support
\@emptytoks=\toks18
LaTeX Font Info:    Redeclaring symbol font `AMSa' on input line 59.
LaTeX Font Info:    Overwriting symbol font `AMSa' in version `normal'
(Font)                  U/txsya/m/n --> U/msa/m/n on input line 59.
LaTeX Font Info:    Overwriting symbol font `AMSa' in version `bold'
(Font)                  U/txsya/bx/n --> U/msa/m/n on input line 59.
LaTeX Font Info:    Redeclaring symbol font `AMSb' on input line 60.
LaTeX Font Info:    Overwriting symbol font `AMSb' in version `normal'
(Font)                  U/txsyb/m/n --> U/msb/m/n on input line 60.
LaTeX Font Info:    Overwriting symbol font `AMSb' in version `bold'
(Font)                  U/txsyb/bx/n --> U/msb/m/n on input line 60.
LaTeX Font Info:    Redeclaring math delimiter \ulcorner on input line 74.
LaTeX Font Info:    Redeclaring math delimiter \urcorner on input line 75.
LaTeX Font Info:    Redeclaring math delimiter \llcorner on input line 76.
LaTeX Font Info:    Redeclaring math delimiter \lrcorner on input line 77.
LaTeX Font Info:    Redeclaring math symbol \square on input line 141.
LaTeX Font Info:    Redeclaring math symbol \lozenge on input line 142.
)
LaTeX Font Info:    Redeclaring math symbol \boxdot on input line 44.
LaTeX Font Info:    Redeclaring math symbol \boxplus on input line 45.
LaTeX Font Info:    Redeclaring math symbol \boxtimes on input line 46.
LaTeX Font Info:    Redeclaring math symbol \blacksquare on input line 48.
LaTeX Font Info:    Redeclaring math symbol \centerdot on input line 49.
LaTeX Font Info:    Redeclaring math symbol \blacklozenge on input line 51.
LaTeX Font Info:    Redeclaring math symbol \circlearrowright on input line 52.

LaTeX Font Info:    Redeclaring math symbol \circlearrowleft on input line 53.
LaTeX Font Info:    Redeclaring math symbol \leftrightharpoons on input line 56
.
LaTeX Font Info:    Redeclaring math symbol \boxminus on input line 57.
LaTeX Font Info:    Redeclaring math symbol \Vdash on input line 58.
LaTeX Font Info:    Redeclaring math symbol \Vvdash on input line 59.
LaTeX Font Info:    Redeclaring math symbol \vDash on input line 60.
LaTeX Font Info:    Redeclaring math symbol \twoheadrightarrow on input line 61
.
LaTeX Font Info:    Redeclaring math symbol \twoheadleftarrow on input line 62.

LaTeX Font Info:    Redeclaring math symbol \leftleftarrows on input line 63.
LaTeX Font Info:    Redeclaring math symbol \rightrightarrows on input line 64.

LaTeX Font Info:    Redeclaring math symbol \upuparrows on input line 65.
LaTeX Font Info:    Redeclaring math symbol \downdownarrows on input line 66.
LaTeX Font Info:    Redeclaring math symbol \upharpoonright on input line 67.
LaTeX Font Info:    Redeclaring math symbol \downharpoonright on input line 69.

LaTeX Font Info:    Redeclaring math symbol \upharpoonleft on input line 70.
LaTeX Font Info:    Redeclaring math symbol \downharpoonleft on input line 71.
LaTeX Font Info:    Redeclaring math symbol \rightarrowtail on input line 72.
LaTeX Font Info:    Redeclaring math symbol \leftarrowtail on input line 73.
LaTeX Font Info:    Redeclaring math symbol \leftrightarrows on input line 74.
LaTeX Font Info:    Redeclaring math symbol \rightleftarrows on input line 75.
LaTeX Font Info:    Redeclaring math symbol \Lsh on input line 76.
LaTeX Font Info:    Redeclaring math symbol \Rsh on input line 77.
LaTeX Font Info:    Redeclaring math symbol \leftrightsquigarrow on input line 
79.
LaTeX Font Info:    Redeclaring math symbol \looparrowleft on input line 80.
LaTeX Font Info:    Redeclaring math symbol \looparrowright on input line 81.
LaTeX Font Info:    Redeclaring math symbol \circeq on input line 82.
LaTeX Font Info:    Redeclaring math symbol \succsim on input line 83.
LaTeX Font Info:    Redeclaring math symbol \gtrsim on input line 84.
LaTeX Font Info:    Redeclaring math symbol \gtrapprox on input line 85.
LaTeX Font Info:    Redeclaring math symbol \multimap on input line 86.
LaTeX Font Info:    Redeclaring math symbol \therefore on input line 87.
LaTeX Font Info:    Redeclaring math symbol \because on input line 88.
LaTeX Font Info:    Redeclaring math symbol \doteqdot on input line 89.
LaTeX Font Info:    Redeclaring math symbol \triangleq on input line 91.
LaTeX Font Info:    Redeclaring math symbol \precsim on input line 92.
LaTeX Font Info:    Redeclaring math symbol \lesssim on input line 93.
LaTeX Font Info:    Redeclaring math symbol \lessapprox on input line 94.
LaTeX Font Info:    Redeclaring math symbol \eqslantless on input line 95.
LaTeX Font Info:    Redeclaring math symbol \eqslantgtr on input line 96.
LaTeX Font Info:    Redeclaring math symbol \curlyeqprec on input line 97.
LaTeX Font Info:    Redeclaring math symbol \curlyeqsucc on input line 98.
LaTeX Font Info:    Redeclaring math symbol \preccurlyeq on input line 99.
LaTeX Font Info:    Redeclaring math symbol \leqq on input line 100.
LaTeX Font Info:    Redeclaring math symbol \leqslant on input line 101.
LaTeX Font Info:    Redeclaring math symbol \lessgtr on input line 102.
LaTeX Font Info:    Redeclaring math symbol \backprime on input line 103.
LaTeX Font Info:    Redeclaring math symbol \risingdotseq on input line 104.
LaTeX Font Info:    Redeclaring math symbol \fallingdotseq on input line 105.
LaTeX Font Info:    Redeclaring math symbol \succcurlyeq on input line 106.
LaTeX Font Info:    Redeclaring math symbol \geqq on input line 107.
LaTeX Font Info:    Redeclaring math symbol \geqslant on input line 108.
LaTeX Font Info:    Redeclaring math symbol \gtrless on input line 109.
LaTeX Font Info:    Redeclaring math symbol \bigstar on input line 117.
LaTeX Font Info:    Redeclaring math symbol \between on input line 118.
LaTeX Font Info:    Redeclaring math symbol \blacktriangledown on input line 11
9.
LaTeX Font Info:    Redeclaring math symbol \blacktriangleright on input line 1
20.
LaTeX Font Info:    Redeclaring math symbol \blacktriangleleft on input line 12
1.
LaTeX Font Info:    Redeclaring math symbol \vartriangle on input line 122.
LaTeX Font Info:    Redeclaring math symbol \blacktriangle on input line 123.
LaTeX Font Info:    Redeclaring math symbol \triangledown on input line 124.
LaTeX Font Info:    Redeclaring math symbol \eqcirc on input line 125.
LaTeX Font Info:    Redeclaring math symbol \lesseqgtr on input line 126.
LaTeX Font Info:    Redeclaring math symbol \gtreqless on input line 127.
LaTeX Font Info:    Redeclaring math symbol \lesseqqgtr on input line 128.
LaTeX Font Info:    Redeclaring math symbol \gtreqqless on input line 129.
LaTeX Font Info:    Redeclaring math symbol \Rrightarrow on input line 130.
LaTeX Font Info:    Redeclaring math symbol \Lleftarrow on input line 131.
LaTeX Font Info:    Redeclaring math symbol \veebar on input line 132.
LaTeX Font Info:    Redeclaring math symbol \barwedge on input line 133.
LaTeX Font Info:    Redeclaring math symbol \doublebarwedge on input line 134.
LaTeX Font Info:    Redeclaring math symbol \measuredangle on input line 137.
LaTeX Font Info:    Redeclaring math symbol \sphericalangle on input line 138.
LaTeX Font Info:    Redeclaring math symbol \varpropto on input line 139.
LaTeX Font Info:    Redeclaring math symbol \smallsmile on input line 140.
LaTeX Font Info:    Redeclaring math symbol \smallfrown on input line 141.
LaTeX Font Info:    Redeclaring math symbol \Subset on input line 142.
LaTeX Font Info:    Redeclaring math symbol \Supset on input line 143.
LaTeX Font Info:    Redeclaring math symbol \Cup on input line 144.
LaTeX Font Info:    Redeclaring math symbol \Cap on input line 146.
LaTeX Font Info:    Redeclaring math symbol \curlywedge on input line 148.
LaTeX Font Info:    Redeclaring math symbol \curlyvee on input line 149.
LaTeX Font Info:    Redeclaring math symbol \leftthreetimes on input line 150.
LaTeX Font Info:    Redeclaring math symbol \rightthreetimes on input line 151.

LaTeX Font Info:    Redeclaring math symbol \subseteqq on input line 152.
LaTeX Font Info:    Redeclaring math symbol \supseteqq on input line 153.
LaTeX Font Info:    Redeclaring math symbol \bumpeq on input line 154.
LaTeX Font Info:    Redeclaring math symbol \Bumpeq on input line 155.
LaTeX Font Info:    Redeclaring math symbol \lll on input line 156.
LaTeX Font Info:    Redeclaring math symbol \ggg on input line 158.
LaTeX Font Info:    Redeclaring math symbol \circledS on input line 160.
LaTeX Font Info:    Redeclaring math symbol \pitchfork on input line 161.
LaTeX Font Info:    Redeclaring math symbol \dotplus on input line 162.
LaTeX Font Info:    Redeclaring math symbol \backsim on input line 163.
LaTeX Font Info:    Redeclaring math symbol \backsimeq on input line 164.
LaTeX Font Info:    Redeclaring math symbol \complement on input line 165.
LaTeX Font Info:    Redeclaring math symbol \intercal on input line 166.
LaTeX Font Info:    Redeclaring math symbol \circledcirc on input line 167.
LaTeX Font Info:    Redeclaring math symbol \circledast on input line 168.
LaTeX Font Info:    Redeclaring math symbol \circleddash on input line 169.
LaTeX Font Info:    Redeclaring math symbol \lvertneqq on input line 171.
LaTeX Font Info:    Redeclaring math symbol \gvertneqq on input line 172.
LaTeX Font Info:    Redeclaring math symbol \nleq on input line 173.
LaTeX Font Info:    Redeclaring math symbol \ngeq on input line 174.
LaTeX Font Info:    Redeclaring math symbol \nless on input line 175.
LaTeX Font Info:    Redeclaring math symbol \ngtr on input line 176.
LaTeX Font Info:    Redeclaring math symbol \nprec on input line 177.
LaTeX Font Info:    Redeclaring math symbol \nsucc on input line 178.
LaTeX Font Info:    Redeclaring math symbol \lneqq on input line 179.
LaTeX Font Info:    Redeclaring math symbol \gneqq on input line 180.
LaTeX Font Info:    Redeclaring math symbol \nleqslant on input line 181.
LaTeX Font Info:    Redeclaring math symbol \ngeqslant on input line 182.
LaTeX Font Info:    Redeclaring math symbol \lneq on input line 183.
LaTeX Font Info:    Redeclaring math symbol \gneq on input line 184.
LaTeX Font Info:    Redeclaring math symbol \npreceq on input line 185.
LaTeX Font Info:    Redeclaring math symbol \nsucceq on input line 186.
LaTeX Font Info:    Redeclaring math symbol \precnsim on input line 187.
LaTeX Font Info:    Redeclaring math symbol \succnsim on input line 188.
LaTeX Font Info:    Redeclaring math symbol \lnsim on input line 189.
LaTeX Font Info:    Redeclaring math symbol \gnsim on input line 190.
LaTeX Font Info:    Redeclaring math symbol \nleqq on input line 191.
LaTeX Font Info:    Redeclaring math symbol \ngeqq on input line 192.
LaTeX Font Info:    Redeclaring math symbol \precneqq on input line 193.
LaTeX Font Info:    Redeclaring math symbol \succneqq on input line 194.
LaTeX Font Info:    Redeclaring math symbol \precnapprox on input line 195.
LaTeX Font Info:    Redeclaring math symbol \succnapprox on input line 196.
LaTeX Font Info:    Redeclaring math symbol \lnapprox on input line 197.
LaTeX Font Info:    Redeclaring math symbol \gnapprox on input line 198.
LaTeX Font Info:    Redeclaring math symbol \nsim on input line 199.
LaTeX Font Info:    Redeclaring math symbol \ncong on input line 200.
LaTeX Font Info:    Redeclaring math symbol \diagup on input line 201.
LaTeX Font Info:    Redeclaring math symbol \diagdown on input line 202.
LaTeX Font Info:    Redeclaring math symbol \varsubsetneq on input line 203.
LaTeX Font Info:    Redeclaring math symbol \varsupsetneq on input line 204.
LaTeX Font Info:    Redeclaring math symbol \nsubseteqq on input line 205.
LaTeX Font Info:    Redeclaring math symbol \nsupseteqq on input line 206.
LaTeX Font Info:    Redeclaring math symbol \subsetneqq on input line 207.
LaTeX Font Info:    Redeclaring math symbol \supsetneqq on input line 208.
LaTeX Font Info:    Redeclaring math symbol \varsubsetneqq on input line 209.
LaTeX Font Info:    Redeclaring math symbol \varsupsetneqq on input line 210.
LaTeX Font Info:    Redeclaring math symbol \subsetneq on input line 211.
LaTeX Font Info:    Redeclaring math symbol \supsetneq on input line 212.
LaTeX Font Info:    Redeclaring math symbol \nsubseteq on input line 213.
LaTeX Font Info:    Redeclaring math symbol \nsupseteq on input line 214.
LaTeX Font Info:    Redeclaring math symbol \nparallel on input line 215.
LaTeX Font Info:    Redeclaring math symbol \nmid on input line 216.
LaTeX Font Info:    Redeclaring math symbol \nshortmid on input line 217.
LaTeX Font Info:    Redeclaring math symbol \nshortparallel on input line 218.
LaTeX Font Info:    Redeclaring math symbol \nvdash on input line 219.
LaTeX Font Info:    Redeclaring math symbol \nVdash on input line 220.
LaTeX Font Info:    Redeclaring math symbol \nvDash on input line 221.
LaTeX Font Info:    Redeclaring math symbol \nVDash on input line 222.
LaTeX Font Info:    Redeclaring math symbol \ntrianglerighteq on input line 223
.
LaTeX Font Info:    Redeclaring math symbol \ntrianglelefteq on input line 224.

LaTeX Font Info:    Redeclaring math symbol \ntriangleleft on input line 225.
LaTeX Font Info:    Redeclaring math symbol \ntriangleright on input line 226.
LaTeX Font Info:    Redeclaring math symbol \nleftarrow on input line 227.
LaTeX Font Info:    Redeclaring math symbol \nrightarrow on input line 228.
LaTeX Font Info:    Redeclaring math symbol \nLeftarrow on input line 229.
LaTeX Font Info:    Redeclaring math symbol \nRightarrow on input line 230.
LaTeX Font Info:    Redeclaring math symbol \nLeftrightarrow on input line 231.

LaTeX Font Info:    Redeclaring math symbol \nleftrightarrow on input line 232.

LaTeX Font Info:    Redeclaring math symbol \divideontimes on input line 233.
LaTeX Font Info:    Redeclaring math symbol \varnothing on input line 234.
LaTeX Font Info:    Redeclaring math symbol \nexists on input line 235.
LaTeX Font Info:    Redeclaring math symbol \Finv on input line 236.
LaTeX Font Info:    Redeclaring math symbol \Game on input line 237.
LaTeX Font Info:    Redeclaring math symbol \eth on input line 240.
LaTeX Font Info:    Redeclaring math symbol \eqsim on input line 241.
LaTeX Font Info:    Redeclaring math symbol \beth on input line 242.
LaTeX Font Info:    Redeclaring math symbol \gimel on input line 243.
LaTeX Font Info:    Redeclaring math symbol \daleth on input line 244.
LaTeX Font Info:    Redeclaring math symbol \lessdot on input line 245.
LaTeX Font Info:    Redeclaring math symbol \gtrdot on input line 246.
LaTeX Font Info:    Redeclaring math symbol \ltimes on input line 247.
LaTeX Font Info:    Redeclaring math symbol \rtimes on input line 248.
LaTeX Font Info:    Redeclaring math symbol \shortmid on input line 249.
LaTeX Font Info:    Redeclaring math symbol \shortparallel on input line 250.
LaTeX Font Info:    Redeclaring math symbol \smallsetminus on input line 251.
LaTeX Font Info:    Redeclaring math symbol \thicksim on input line 252.
LaTeX Font Info:    Redeclaring math symbol \thickapprox on input line 253.
LaTeX Font Info:    Redeclaring math symbol \approxeq on input line 254.
LaTeX Font Info:    Redeclaring math symbol \succapprox on input line 255.
LaTeX Font Info:    Redeclaring math symbol \precapprox on input line 256.
LaTeX Font Info:    Redeclaring math symbol \curvearrowleft on input line 257.
LaTeX Font Info:    Redeclaring math symbol \curvearrowright on input line 258.

LaTeX Font Info:    Redeclaring math symbol \digamma on input line 259.
LaTeX Font Info:    Redeclaring math symbol \varkappa on input line 260.
LaTeX Font Info:    Redeclaring math symbol \Bbbk on input line 261.
LaTeX Font Info:    Redeclaring math symbol \hslash on input line 262.
LaTeX Font Info:    Redeclaring math symbol \backepsilon on input line 265.
)
(/usr/share/texlive/texmf-dist/tex/latex/tools/multicol.sty
Package: multicol 2019/12/09 v1.8y multicolumn formatting (FMi)
\c@tracingmulticols=\count185


Package multicol Warning: May not work with the twocolumn option on input line 
141.

\mult@box=\box51
\multicol@leftmargin=\dimen150
\c@unbalance=\count186
\c@collectmore=\count187
\doublecol@number=\count188
\multicoltolerance=\count189
\multicolpretolerance=\count190
\full@width=\dimen151
\page@free=\dimen152
\premulticols=\dimen153
\postmulticols=\dimen154
\multicolsep=\skip53
\multicolbaselineskip=\skip54
\partial@page=\box52
\last@line=\box53
\maxbalancingoverflow=\dimen155
\mult@rightbox=\box54
\mult@grightbox=\box55
\mult@gfirstbox=\box56
\mult@firstbox=\box57
\@tempa=\box58
\@tempa=\box59
\@tempa=\box60
\@tempa=\box61
\@tempa=\box62
\@tempa=\box63
\@tempa=\box64
\@tempa=\box65
\@tempa=\box66
\@tempa=\box67
\@tempa=\box68
\@tempa=\box69
\@tempa=\box70
\@tempa=\box71
\@tempa=\box72
\@tempa=\box73
\@tempa=\box74
\@tempa=\box75
\@tempa=\box76
\@tempa=\box77
\@tempa=\box78
\@tempa=\box79
\@tempa=\box80
\@tempa=\box81
\@tempa=\box82
\@tempa=\box83
\@tempa=\box84
\@tempa=\box85
\@tempa=\box86
\@tempa=\box87
\@tempa=\box88
\@tempa=\box89
\@tempa=\box90
\@tempa=\box91
\@tempa=\box92
\@tempa=\box93
\@tempa=\box94
\c@minrows=\count191
\c@columnbadness=\count192
\c@finalcolumnbadness=\count193
\last@try=\dimen156
\multicolovershoot=\dimen157
\multicolundershoot=\dimen158
\mult@nat@firstbox=\box95
\colbreak@box=\box96
\mc@col@check@num=\count194
) (/usr/share/texlive/texmf-dist/tex/latex/lipsum/lipsum.sty
(/usr/share/texlive/texmf-dist/tex/latex/l3kernel/expl3.sty
Package: expl3 2020-02-14 L3 programming layer (loader) 

(/usr/share/texlive/texmf-dist/tex/latex/l3backend/l3backend-pdfmode.def
File: l3backend-pdfmode.def 2020-02-03 L3 backend support: PDF mode
\l__kernel_color_stack_int=\count195
\l__pdf_internal_box=\box97
))
(/usr/share/texlive/texmf-dist/tex/latex/l3packages/xparse/xparse.sty
Package: xparse 2020-02-14 L3 Experimental document command parser
\l__xparse_current_arg_int=\count196
\g__xparse_grabber_int=\count197
\l__xparse_m_args_int=\count198
\l__xparse_v_nesting_int=\count199
)
Package: lipsum 2019/01/02 v2.2 150 paragraphs of Lorem Ipsum dummy text

(/usr/share/texlive/texmf-dist/tex/latex/lipsum/lipsum.ltd.tex
File: lipsum.ltd.tex 2019/01/02 v2.2 The Lorem ipsum dummy text
))
(/usr/share/texlive/texmf-dist/tex/latex/amsmath/amsmath.sty
Package: amsmath 2020/01/20 v2.17e AMS math features
\@mathmargin=\skip55

For additional information on amsmath, use the `?' option.
(/usr/share/texlive/texmf-dist/tex/latex/amsmath/amstext.sty
Package: amstext 2000/06/29 v2.01 AMS text

(/usr/share/texlive/texmf-dist/tex/latex/amsmath/amsgen.sty
File: amsgen.sty 1999/11/30 v2.0 generic functions
\@emptytoks=\toks19
\ex@=\dimen159
))
(/usr/share/texlive/texmf-dist/tex/latex/amsmath/amsbsy.sty
Package: amsbsy 1999/11/29 v1.2d Bold Symbols
\pmbraise@=\dimen160
)
(/usr/share/texlive/texmf-dist/tex/latex/amsmath/amsopn.sty
Package: amsopn 2016/03/08 v2.02 operator names
)
\inf@bad=\count266
LaTeX Info: Redefining \frac on input line 227.
\uproot@=\count267
\leftroot@=\count268
LaTeX Info: Redefining \overline on input line 389.
\classnum@=\count269
\DOTSCASE@=\count270
LaTeX Info: Redefining \ldots on input line 486.
LaTeX Info: Redefining \dots on input line 489.
LaTeX Info: Redefining \cdots on input line 610.
\Mathstrutbox@=\box98
\strutbox@=\box99
\big@size=\dimen161
LaTeX Font Info:    Redeclaring font encoding OML on input line 733.
LaTeX Font Info:    Redeclaring font encoding OMS on input line 734.
\macc@depth=\count271
\c@MaxMatrixCols=\count272
\dotsspace@=\muskip16
\c@parentequation=\count273
\dspbrk@lvl=\count274
\tag@help=\toks20
\row@=\count275
\column@=\count276
\maxfields@=\count277
\andhelp@=\toks21
\eqnshift@=\dimen162
\alignsep@=\dimen163
\tagshift@=\dimen164
\tagwidth@=\dimen165
\totwidth@=\dimen166
\lineht@=\dimen167
\@envbody=\toks22
\multlinegap=\skip56
\multlinetaggap=\skip57
\mathdisplay@stack=\toks23
LaTeX Info: Redefining \[ on input line 2859.
LaTeX Info: Redefining \] on input line 2860.
)
(/usr/share/texlive/texmf-dist/tex/latex/algorithms/algorithmic.sty
Package: algorithmic 2009/08/24 v0.1 Document Style `algorithmic'

(/usr/share/texlive/texmf-dist/tex/latex/base/ifthen.sty
Package: ifthen 2014/09/29 v1.1c Standard LaTeX ifthen package (DPC)
)
\c@ALC@unique=\count278
\c@ALC@line=\count279
\c@ALC@rem=\count280
\c@ALC@depth=\count281
\ALC@tlm=\skip58
\algorithmicindent=\skip59
)
(/usr/share/texlive/texmf-dist/tex/latex/algorithms/algorithm.sty
Package: algorithm 2009/08/24 v0.1 Document Style `algorithm' - floating enviro
nment

(/usr/share/texlive/texmf-dist/tex/latex/float/float.sty
Package: float 2001/11/08 v1.3d Float enhancements (AL)
\c@float@type=\count282
\float@exts=\toks24
\float@box=\box100
\@float@everytoks=\toks25
\@floatcapt=\box101
)
\@float@every@algorithm=\toks26
\c@algorithm=\count283
)
(/usr/share/texlive/texmf-dist/tex/latex/subfigure/subfigure.sty
Package: subfigure 2002/03/15 v2.1.5 subfigure package
\subfigtopskip=\skip60
\subfigcapskip=\skip61
\subfigcaptopadj=\dimen168
\subfigbottomskip=\skip62
\subfigcapmargin=\dimen169
\subfiglabelskip=\skip63
\c@subfigure=\count284
\c@lofdepth=\count285
\c@subtable=\count286
\c@lotdepth=\count287

****************************************
* Local config file subfigure.cfg used *
****************************************
(/usr/share/texlive/texmf-dist/tex/latex/subfigure/subfigure.cfg)
\subfig@top=\skip64
\subfig@bottom=\skip65
)
(/usr/share/texlive/texmf-dist/tex/latex/sttools/stfloats.sty
Package: stfloats 2017/03/27 v3.3 Improve float mechanism and baselineskip sett
ings
\@dblbotnum=\count288
\c@dblbotnumber=\count289
)
(./LANCET_DIGIONCO_SUP.aux)
\openout1 = `LANCET_DIGIONCO_SUP.aux'.

LaTeX Font Info:    Checking defaults for OML/txmi/m/it on input line 94.
LaTeX Font Info:    Trying to load font information for OML+txmi on input line 
94.

(/usr/share/texlive/texmf-dist/tex/latex/txfonts/omltxmi.fd
File: omltxmi.fd 2000/12/15 v3.1
)
LaTeX Font Info:    ... okay on input line 94.
LaTeX Font Info:    Checking defaults for OMS/txsy/m/n on input line 94.
LaTeX Font Info:    Trying to load font information for OMS+txsy on input line 
94.

(/usr/share/texlive/texmf-dist/tex/latex/txfonts/omstxsy.fd
File: omstxsy.fd 2000/12/15 v3.1
)
LaTeX Font Info:    ... okay on input line 94.
LaTeX Font Info:    Checking defaults for OT1/cmr/m/n on input line 94.
LaTeX Font Info:    ... okay on input line 94.
LaTeX Font Info:    Checking defaults for T1/cmr/m/n on input line 94.
LaTeX Font Info:    ... okay on input line 94.
LaTeX Font Info:    Checking defaults for TS1/cmr/m/n on input line 94.
LaTeX Font Info:    ... okay on input line 94.
LaTeX Font Info:    Checking defaults for OMX/txex/m/n on input line 94.
LaTeX Font Info:    Trying to load font information for OMX+txex on input line 
94.

(/usr/share/texlive/texmf-dist/tex/latex/txfonts/omxtxex.fd
File: omxtxex.fd 2000/12/15 v3.1
)
LaTeX Font Info:    ... okay on input line 94.
LaTeX Font Info:    Checking defaults for U/txexa/m/n on input line 94.
LaTeX Font Info:    Trying to load font information for U+txexa on input line 9
4.

(/usr/share/texlive/texmf-dist/tex/latex/txfonts/utxexa.fd
File: utxexa.fd 2000/12/15 v3.1
)
LaTeX Font Info:    ... okay on input line 94.
LaTeX Font Info:    Trying to load font information for OT1+txr on input line 9
4.

(/usr/share/texlive/texmf-dist/tex/latex/txfonts/ot1txr.fd
File: ot1txr.fd 2000/12/15 v3.1
)
(/usr/share/texlive/texmf-dist/tex/context/base/mkii/supp-pdf.mkii
[Loading MPS to PDF converter (version 2006.09.02).]
\scratchcounter=\count290
\scratchdimen=\dimen170
\scratchbox=\box102
\nofMPsegments=\count291
\nofMParguments=\count292
\everyMPshowfont=\toks27
\MPscratchCnt=\count293
\MPscratchDim=\dimen171
\MPnumerator=\count294
\makeMPintoPDFobject=\count295
\everyMPtoPDFconversion=\toks28
) (/usr/share/texlive/texmf-dist/tex/latex/epstopdf-pkg/epstopdf-base.sty
Package: epstopdf-base 2020-01-24 v2.11 Base part for package epstopdf
Package epstopdf-base Info: Redefining graphics rule for `.eps' on input line 4
85.

(/usr/share/texlive/texmf-dist/tex/latex/latexconfig/epstopdf-sys.cfg
File: epstopdf-sys.cfg 2010/07/13 v1.3 Configuration of (r)epstopdf for TeX Liv
e
))
*geometry* driver: auto-detecting
*geometry* detected driver: pdftex
*geometry* verbose mode - [ preamble ] result:
* driver: pdftex
* paper: custom
* layout: <same size as paper>
* layoutoffset:(h,v)=(0.0pt,0.0pt)
* hratio: 1:1
* vratio: 1:1
* modes: 
* h-part:(L,W,R)=(106.75394pt, 384.0pt, 106.75394pt)
* v-part:(T,H,B)=(141.52342pt, 562.0pt, 141.52342pt)
* \paperwidth=597.50787pt
* \paperheight=845.04684pt
* \textwidth=384.0pt
* \textheight=562.0pt
* \oddsidemargin=34.48395pt
* \evensidemargin=34.48395pt
* \topmargin=7.25343pt
* \headheight=50.0pt
* \headsep=12.0pt
* \topskip=10.0pt
* \footskip=12.0pt
* \marginparwidth=4.0pt
* \marginparsep=10.0pt
* \columnsep=10.0pt
* \skip\footins=24.0pt plus 2.0pt minus 12.0pt
* \hoffset=0.0pt
* \voffset=0.0pt
* \mag=1000
* \@twocolumnfalse
* \@twosidefalse
* \@mparswitchfalse
* \@reversemarginfalse
* (1in=72.27pt=25.4mm, 1cm=28.453pt)

LaTeX Font Info:    Trying to load font information for U+txmia on input line 1
08.
(/usr/share/texlive/texmf-dist/tex/latex/txfonts/utxmia.fd
File: utxmia.fd 2000/12/15 v3.1
)
LaTeX Font Info:    Trying to load font information for U+msa on input line 108
.

(/usr/share/texlive/texmf-dist/tex/latex/amsfonts/umsa.fd
File: umsa.fd 2013/01/14 v3.01 AMS symbols A
)
LaTeX Font Info:    Trying to load font information for U+msb on input line 108
.

(/usr/share/texlive/texmf-dist/tex/latex/amsfonts/umsb.fd
File: umsb.fd 2013/01/14 v3.01 AMS symbols B
)
LaTeX Font Info:    Trying to load font information for U+txsyc on input line 1
08.

(/usr/share/texlive/texmf-dist/tex/latex/txfonts/utxsyc.fd
File: utxsyc.fd 2000/12/15 v3.1
)
LaTeX Font Info:    Font shape `OT1/txr/b/n' in size <10> not available
(Font)              Font shape `OT1/txr/bx/n' tried instead on input line 109.
</home/anand/Desktop/Projects/HCG_project/HCG/IEEEtran/sup/part1_pngs-05.png, i
d=1, 1660.2025pt x 868.24374pt>
File: /home/anand/Desktop/Projects/HCG_project/HCG/IEEEtran/sup/part1_pngs-05.p
ng Graphic file (type png)
<use /home/anand/Desktop/Projects/HCG_project/HCG/IEEEtran/sup/part1_pngs-05.pn
g>
Package pdftex.def Info: /home/anand/Desktop/Projects/HCG_project/HCG/IEEEtran/
sup/part1_pngs-05.png  used on input line 199.
(pdftex.def)             Requested size: 190.63338pt x 99.69357pt.

Overfull \hbox (3.63338pt too wide) in paragraph at lines 199--199
[][] 
 []

</home/anand/Desktop/Projects/HCG_project/HCG/IEEEtran/sup/part1_pngs-06.png, i
d=2, 796.8972pt x 448.5558pt>
File: /home/anand/Desktop/Projects/HCG_project/HCG/IEEEtran/sup/part1_pngs-06.p
ng Graphic file (type png)
<use /home/anand/Desktop/Projects/HCG_project/HCG/IEEEtran/sup/part1_pngs-06.pn
g>
Package pdftex.def Info: /home/anand/Desktop/Projects/HCG_project/HCG/IEEEtran/
sup/part1_pngs-06.png  used on input line 200.
(pdftex.def)             Requested size: 190.63338pt x 107.29967pt.

Overfull \hbox (3.63338pt too wide) in paragraph at lines 200--200
[][] 
 []

</home/anand/Desktop/Projects/HCG_project/HCG/IEEEtran/sup/part1_pngs-07.png, i
d=3, 796.8972pt x 448.5558pt>
File: /home/anand/Desktop/Projects/HCG_project/HCG/IEEEtran/sup/part1_pngs-07.p
ng Graphic file (type png)
<use /home/anand/Desktop/Projects/HCG_project/HCG/IEEEtran/sup/part1_pngs-07.pn
g>
Package pdftex.def Info: /home/anand/Desktop/Projects/HCG_project/HCG/IEEEtran/
sup/part1_pngs-07.png  used on input line 201.
(pdftex.def)             Requested size: 190.63338pt x 107.29967pt.

Overfull \hbox (3.63338pt too wide) in paragraph at lines 201--201
[][] 
 []

</home/anand/Desktop/Projects/HCG_project/HCG/IEEEtran/sup/part1_pngs-08.png, i
d=4, 796.8972pt x 448.5558pt>
File: /home/anand/Desktop/Projects/HCG_project/HCG/IEEEtran/sup/part1_pngs-08.p
ng Graphic file (type png)
<use /home/anand/Desktop/Projects/HCG_project/HCG/IEEEtran/sup/part1_pngs-08.pn
g>
Package pdftex.def Info: /home/anand/Desktop/Projects/HCG_project/HCG/IEEEtran/
sup/part1_pngs-08.png  used on input line 202.
(pdftex.def)             Requested size: 190.63338pt x 107.29967pt.

Overfull \hbox (3.63338pt too wide) in paragraph at lines 202--202
[][] 
 []

</home/anand/Desktop/Projects/HCG_project/HCG/IEEEtran/sup/part1_pngs-09.png, i
d=5, 796.8972pt x 448.5558pt>
File: /home/anand/Desktop/Projects/HCG_project/HCG/IEEEtran/sup/part1_pngs-09.p
ng Graphic file (type png)
<use /home/anand/Desktop/Projects/HCG_project/HCG/IEEEtran/sup/part1_pngs-09.pn
g>
Package pdftex.def Info: /home/anand/Desktop/Projects/HCG_project/HCG/IEEEtran/
sup/part1_pngs-09.png  used on input line 205.
(pdftex.def)             Requested size: 190.63338pt x 107.29967pt.

Overfull \hbox (3.63338pt too wide) in paragraph at lines 205--205
[][] 
 []

</home/anand/Desktop/Projects/HCG_project/HCG/IEEEtran/sup/part1_pngs-10.png, i
d=6, 796.8972pt x 448.5558pt>
File: /home/anand/Desktop/Projects/HCG_project/HCG/IEEEtran/sup/part1_pngs-10.p
ng Graphic file (type png)
<use /home/anand/Desktop/Projects/HCG_project/HCG/IEEEtran/sup/part1_pngs-10.pn
g>
Package pdftex.def Info: /home/anand/Desktop/Projects/HCG_project/HCG/IEEEtran/
sup/part1_pngs-10.png  used on input line 206.
(pdftex.def)             Requested size: 190.63338pt x 107.29967pt.

Overfull \hbox (3.63338pt too wide) in paragraph at lines 206--206
[][] 
 []

</home/anand/Desktop/Projects/HCG_project/HCG/IEEEtran/sup/part1_pngs-11.png, i
d=7, 796.8972pt x 448.5558pt>
File: /home/anand/Desktop/Projects/HCG_project/HCG/IEEEtran/sup/part1_pngs-11.p
ng Graphic file (type png)
<use /home/anand/Desktop/Projects/HCG_project/HCG/IEEEtran/sup/part1_pngs-11.pn
g>
Package pdftex.def Info: /home/anand/Desktop/Projects/HCG_project/HCG/IEEEtran/
sup/part1_pngs-11.png  used on input line 207.
(pdftex.def)             Requested size: 190.63338pt x 107.29967pt.

Overfull \hbox (3.63338pt too wide) in paragraph at lines 207--207
[][] 
 []

</home/anand/Desktop/Projects/HCG_project/HCG/IEEEtran/sup/part1_pngs-12.png, i
d=8, 796.8972pt x 448.5558pt>
File: /home/anand/Desktop/Projects/HCG_project/HCG/IEEEtran/sup/part1_pngs-12.p
ng Graphic file (type png)
<use /home/anand/Desktop/Projects/HCG_project/HCG/IEEEtran/sup/part1_pngs-12.pn
g>
Package pdftex.def Info: /home/anand/Desktop/Projects/HCG_project/HCG/IEEEtran/
sup/part1_pngs-12.png  used on input line 208.
(pdftex.def)             Requested size: 190.63338pt x 107.29967pt.

Overfull \hbox (3.63338pt too wide) in paragraph at lines 208--208
[][] 
 []

</home/anand/Desktop/Projects/HCG_project/HCG/IEEEtran/sup/part1_pngs-13.png, i
d=9, 796.8972pt x 448.5558pt>
File: /home/anand/Desktop/Projects/HCG_project/HCG/IEEEtran/sup/part1_pngs-13.p
ng Graphic file (type png)
<use /home/anand/Desktop/Projects/HCG_project/HCG/IEEEtran/sup/part1_pngs-13.pn
g>
Package pdftex.def Info: /home/anand/Desktop/Projects/HCG_project/HCG/IEEEtran/
sup/part1_pngs-13.png  used on input line 214.
(pdftex.def)             Requested size: 190.63338pt x 107.29967pt.

Overfull \hbox (3.63338pt too wide) in paragraph at lines 214--214
[][] 
 []

</home/anand/Desktop/Projects/HCG_project/HCG/IEEEtran/sup/part1_pngs-14.png, i
d=10, 796.8972pt x 448.5558pt>
File: /home/anand/Desktop/Projects/HCG_project/HCG/IEEEtran/sup/part1_pngs-14.p
ng Graphic file (type png)
<use /home/anand/Desktop/Projects/HCG_project/HCG/IEEEtran/sup/part1_pngs-14.pn
g>
Package pdftex.def Info: /home/anand/Desktop/Projects/HCG_project/HCG/IEEEtran/
sup/part1_pngs-14.png  used on input line 215.
(pdftex.def)             Requested size: 190.63338pt x 107.29967pt.

Overfull \hbox (3.63338pt too wide) in paragraph at lines 215--215
[][] 
 []

</home/anand/Desktop/Projects/HCG_project/HCG/IEEEtran/sup/part1_pngs-15.png, i
d=11, 796.8972pt x 448.5558pt>
File: /home/anand/Desktop/Projects/HCG_project/HCG/IEEEtran/sup/part1_pngs-15.p
ng Graphic file (type png)
<use /home/anand/Desktop/Projects/HCG_project/HCG/IEEEtran/sup/part1_pngs-15.pn
g>
Package pdftex.def Info: /home/anand/Desktop/Projects/HCG_project/HCG/IEEEtran/
sup/part1_pngs-15.png  used on input line 216.
(pdftex.def)             Requested size: 190.63338pt x 107.29967pt.

Overfull \hbox (3.63338pt too wide) in paragraph at lines 216--216
[][] 
 []

</home/anand/Desktop/Projects/HCG_project/HCG/IEEEtran/sup/part1_pngs-16.png, i
d=12, 796.8972pt x 448.5558pt>
File: /home/anand/Desktop/Projects/HCG_project/HCG/IEEEtran/sup/part1_pngs-16.p
ng Graphic file (type png)
<use /home/anand/Desktop/Projects/HCG_project/HCG/IEEEtran/sup/part1_pngs-16.pn
g>
Package pdftex.def Info: /home/anand/Desktop/Projects/HCG_project/HCG/IEEEtran/
sup/part1_pngs-16.png  used on input line 217.
(pdftex.def)             Requested size: 190.63338pt x 107.29967pt.

Overfull \hbox (3.63338pt too wide) in paragraph at lines 217--217
[][] 
 []

</home/anand/Desktop/Projects/HCG_project/HCG/IEEEtran/sup/part1_pngs-17.png, i
d=13, 796.8972pt x 448.5558pt>
File: /home/anand/Desktop/Projects/HCG_project/HCG/IEEEtran/sup/part1_pngs-17.p
ng Graphic file (type png)
<use /home/anand/Desktop/Projects/HCG_project/HCG/IEEEtran/sup/part1_pngs-17.pn
g>
Package pdftex.def Info: /home/anand/Desktop/Projects/HCG_project/HCG/IEEEtran/
sup/part1_pngs-17.png  used on input line 220.
(pdftex.def)             Requested size: 190.63338pt x 107.29967pt.

Overfull \hbox (3.63338pt too wide) in paragraph at lines 220--220
[][] 
 []

</home/anand/Desktop/Projects/HCG_project/HCG/IEEEtran/sup/part1_pngs-18.png, i
d=14, 796.8972pt x 448.5558pt>
File: /home/anand/Desktop/Projects/HCG_project/HCG/IEEEtran/sup/part1_pngs-18.p
ng Graphic file (type png)
<use /home/anand/Desktop/Projects/HCG_project/HCG/IEEEtran/sup/part1_pngs-18.pn
g>
Package pdftex.def Info: /home/anand/Desktop/Projects/HCG_project/HCG/IEEEtran/
sup/part1_pngs-18.png  used on input line 221.
(pdftex.def)             Requested size: 190.63338pt x 107.29967pt.

Overfull \hbox (3.63338pt too wide) in paragraph at lines 221--221
[][] 
 []

</home/anand/Desktop/Projects/HCG_project/HCG/IEEEtran/sup/part1_pngs-19.png, i
d=15, 796.8972pt x 448.5558pt>
File: /home/anand/Desktop/Projects/HCG_project/HCG/IEEEtran/sup/part1_pngs-19.p
ng Graphic file (type png)
<use /home/anand/Desktop/Projects/HCG_project/HCG/IEEEtran/sup/part1_pngs-19.pn
g>
Package pdftex.def Info: /home/anand/Desktop/Projects/HCG_project/HCG/IEEEtran/
sup/part1_pngs-19.png  used on input line 222.
(pdftex.def)             Requested size: 190.63338pt x 107.29967pt.

Overfull \hbox (3.63338pt too wide) in paragraph at lines 222--222
[][] 
 []

</home/anand/Desktop/Projects/HCG_project/HCG/IEEEtran/sup/part1_pngs-20.png, i
d=16, 796.8972pt x 448.5558pt>
File: /home/anand/Desktop/Projects/HCG_project/HCG/IEEEtran/sup/part1_pngs-20.p
ng Graphic file (type png)
<use /home/anand/Desktop/Projects/HCG_project/HCG/IEEEtran/sup/part1_pngs-20.pn
g>
Package pdftex.def Info: /home/anand/Desktop/Projects/HCG_project/HCG/IEEEtran/
sup/part1_pngs-20.png  used on input line 223.
(pdftex.def)             Requested size: 190.63338pt x 107.29967pt.

Overfull \hbox (3.63338pt too wide) in paragraph at lines 223--223
[][] 
 []

</home/anand/Desktop/Projects/HCG_project/HCG/IEEEtran/sup/part2_pngs-01.png, i
d=17, 1656.1875pt x 865.2325pt>
File: /home/anand/Desktop/Projects/HCG_project/HCG/IEEEtran/sup/part2_pngs-01.p
ng Graphic file (type png)
<use /home/anand/Desktop/Projects/HCG_project/HCG/IEEEtran/sup/part2_pngs-01.pn
g>
Package pdftex.def Info: /home/anand/Desktop/Projects/HCG_project/HCG/IEEEtran/
sup/part2_pngs-01.png  used on input line 231.
(pdftex.def)             Requested size: 190.63338pt x 99.58545pt.

Overfull \hbox (3.63338pt too wide) in paragraph at lines 231--231
[][] 
 []

</home/anand/Desktop/Projects/HCG_project/HCG/IEEEtran/sup/part2_pngs-02.png, i
d=18, 796.8972pt x 448.5558pt>
File: /home/anand/Desktop/Projects/HCG_project/HCG/IEEEtran/sup/part2_pngs-02.p
ng Graphic file (type png)
<use /home/anand/Desktop/Projects/HCG_project/HCG/IEEEtran/sup/part2_pngs-02.pn
g>
Package pdftex.def Info: /home/anand/Desktop/Projects/HCG_project/HCG/IEEEtran/
sup/part2_pngs-02.png  used on input line 232.
(pdftex.def)             Requested size: 190.63338pt x 107.29967pt.

Overfull \hbox (3.63338pt too wide) in paragraph at lines 232--232
[][] 
 []

</home/anand/Desktop/Projects/HCG_project/HCG/IEEEtran/sup/part2_pngs-03.png, i
d=19, 796.8972pt x 448.5558pt>
File: /home/anand/Desktop/Projects/HCG_project/HCG/IEEEtran/sup/part2_pngs-03.p
ng Graphic file (type png)
<use /home/anand/Desktop/Projects/HCG_project/HCG/IEEEtran/sup/part2_pngs-03.pn
g>
Package pdftex.def Info: /home/anand/Desktop/Projects/HCG_project/HCG/IEEEtran/
sup/part2_pngs-03.png  used on input line 233.
(pdftex.def)             Requested size: 190.63338pt x 107.29967pt.

Overfull \hbox (3.63338pt too wide) in paragraph at lines 233--233
[][] 
 []

</home/anand/Desktop/Projects/HCG_project/HCG/IEEEtran/sup/part2_pngs-04.png, i
d=20, 796.8972pt x 448.5558pt>
File: /home/anand/Desktop/Projects/HCG_project/HCG/IEEEtran/sup/part2_pngs-04.p
ng Graphic file (type png)
<use /home/anand/Desktop/Projects/HCG_project/HCG/IEEEtran/sup/part2_pngs-04.pn
g>
Package pdftex.def Info: /home/anand/Desktop/Projects/HCG_project/HCG/IEEEtran/
sup/part2_pngs-04.png  used on input line 234.
(pdftex.def)             Requested size: 190.63338pt x 107.29967pt.

Overfull \hbox (3.63338pt too wide) in paragraph at lines 234--234
[][] 
 []

</home/anand/Desktop/Projects/HCG_project/HCG/IEEEtran/sup/part2_pngs-05.png, i
d=21, 796.8972pt x 448.5558pt>
File: /home/anand/Desktop/Projects/HCG_project/HCG/IEEEtran/sup/part2_pngs-05.p
ng Graphic file (type png)
<use /home/anand/Desktop/Projects/HCG_project/HCG/IEEEtran/sup/part2_pngs-05.pn
g>
Package pdftex.def Info: /home/anand/Desktop/Projects/HCG_project/HCG/IEEEtran/
sup/part2_pngs-05.png  used on input line 237.
(pdftex.def)             Requested size: 190.63338pt x 107.29967pt.

Overfull \hbox (3.63338pt too wide) in paragraph at lines 237--237
[][] 
 []

</home/anand/Desktop/Projects/HCG_project/HCG/IEEEtran/sup/part2_pngs-06.png, i
d=22, 796.8972pt x 448.5558pt>
File: /home/anand/Desktop/Projects/HCG_project/HCG/IEEEtran/sup/part2_pngs-06.p
ng Graphic file (type png)
<use /home/anand/Desktop/Projects/HCG_project/HCG/IEEEtran/sup/part2_pngs-06.pn
g>
Package pdftex.def Info: /home/anand/Desktop/Projects/HCG_project/HCG/IEEEtran/
sup/part2_pngs-06.png  used on input line 238.
(pdftex.def)             Requested size: 190.63338pt x 107.29967pt.

Overfull \hbox (3.63338pt too wide) in paragraph at lines 238--238
[][] 
 []

</home/anand/Desktop/Projects/HCG_project/HCG/IEEEtran/sup/part2_pngs-07.png, i
d=23, 796.8972pt x 448.5558pt>
File: /home/anand/Desktop/Projects/HCG_project/HCG/IEEEtran/sup/part2_pngs-07.p
ng Graphic file (type png)
<use /home/anand/Desktop/Projects/HCG_project/HCG/IEEEtran/sup/part2_pngs-07.pn
g>
Package pdftex.def Info: /home/anand/Desktop/Projects/HCG_project/HCG/IEEEtran/
sup/part2_pngs-07.png  used on input line 239.
(pdftex.def)             Requested size: 190.63338pt x 107.29967pt.

Overfull \hbox (3.63338pt too wide) in paragraph at lines 239--239
[][] 
 []

</home/anand/Desktop/Projects/HCG_project/HCG/IEEEtran/sup/part2_pngs-08.png, i
d=24, 796.8972pt x 448.5558pt>
File: /home/anand/Desktop/Projects/HCG_project/HCG/IEEEtran/sup/part2_pngs-08.p
ng Graphic file (type png)
<use /home/anand/Desktop/Projects/HCG_project/HCG/IEEEtran/sup/part2_pngs-08.pn
g>
Package pdftex.def Info: /home/anand/Desktop/Projects/HCG_project/HCG/IEEEtran/
sup/part2_pngs-08.png  used on input line 240.
(pdftex.def)             Requested size: 190.63338pt x 107.29967pt.

Overfull \hbox (3.63338pt too wide) in paragraph at lines 240--240
[][] 
 []

</home/anand/Desktop/Projects/HCG_project/HCG/IEEEtran/sup/part2_pngs-09.png, i
d=25, 796.8972pt x 448.5558pt>
File: /home/anand/Desktop/Projects/HCG_project/HCG/IEEEtran/sup/part2_pngs-09.p
ng Graphic file (type png)
<use /home/anand/Desktop/Projects/HCG_project/HCG/IEEEtran/sup/part2_pngs-09.pn
g>
Package pdftex.def Info: /home/anand/Desktop/Projects/HCG_project/HCG/IEEEtran/
sup/part2_pngs-09.png  used on input line 246.
(pdftex.def)             Requested size: 190.63338pt x 107.29967pt.

Overfull \hbox (3.63338pt too wide) in paragraph at lines 246--246
[][] 
 []

</home/anand/Desktop/Projects/HCG_project/HCG/IEEEtran/sup/part2_pngs-10.png, i
d=26, 796.8972pt x 448.5558pt>
File: /home/anand/Desktop/Projects/HCG_project/HCG/IEEEtran/sup/part2_pngs-10.p
ng Graphic file (type png)
<use /home/anand/Desktop/Projects/HCG_project/HCG/IEEEtran/sup/part2_pngs-10.pn
g>
Package pdftex.def Info: /home/anand/Desktop/Projects/HCG_project/HCG/IEEEtran/
sup/part2_pngs-10.png  used on input line 247.
(pdftex.def)             Requested size: 190.63338pt x 107.29967pt.

Overfull \hbox (3.63338pt too wide) in paragraph at lines 247--247
[][] 
 []

</home/anand/Desktop/Projects/HCG_project/HCG/IEEEtran/sup/part2_pngs-11.png, i
d=27, 796.8972pt x 448.5558pt>
File: /home/anand/Desktop/Projects/HCG_project/HCG/IEEEtran/sup/part2_pngs-11.p
ng Graphic file (type png)
<use /home/anand/Desktop/Projects/HCG_project/HCG/IEEEtran/sup/part2_pngs-11.pn
g>
Package pdftex.def Info: /home/anand/Desktop/Projects/HCG_project/HCG/IEEEtran/
sup/part2_pngs-11.png  used on input line 248.
(pdftex.def)             Requested size: 190.63338pt x 107.29967pt.

Overfull \hbox (3.63338pt too wide) in paragraph at lines 248--248
[][] 
 []

</home/anand/Desktop/Projects/HCG_project/HCG/IEEEtran/sup/part2_pngs-12.png, i
d=28, 796.8972pt x 448.5558pt>
File: /home/anand/Desktop/Projects/HCG_project/HCG/IEEEtran/sup/part2_pngs-12.p
ng Graphic file (type png)
<use /home/anand/Desktop/Projects/HCG_project/HCG/IEEEtran/sup/part2_pngs-12.pn
g>
Package pdftex.def Info: /home/anand/Desktop/Projects/HCG_project/HCG/IEEEtran/
sup/part2_pngs-12.png  used on input line 249.
(pdftex.def)             Requested size: 190.63338pt x 107.29967pt.

Overfull \hbox (3.63338pt too wide) in paragraph at lines 249--249
[][] 
 []

</home/anand/Desktop/Projects/HCG_project/HCG/IEEEtran/sup/part2_pngs-13.png, i
d=29, 796.8972pt x 448.5558pt>
File: /home/anand/Desktop/Projects/HCG_project/HCG/IEEEtran/sup/part2_pngs-13.p
ng Graphic file (type png)
<use /home/anand/Desktop/Projects/HCG_project/HCG/IEEEtran/sup/part2_pngs-13.pn
g>
Package pdftex.def Info: /home/anand/Desktop/Projects/HCG_project/HCG/IEEEtran/
sup/part2_pngs-13.png  used on input line 252.
(pdftex.def)             Requested size: 190.63338pt x 107.29967pt.

Overfull \hbox (3.63338pt too wide) in paragraph at lines 252--252
[][] 
 []

</home/anand/Desktop/Projects/HCG_project/HCG/IEEEtran/sup/part2_pngs-14.png, i
d=30, 796.8972pt x 448.5558pt>
File: /home/anand/Desktop/Projects/HCG_project/HCG/IEEEtran/sup/part2_pngs-14.p
ng Graphic file (type png)
<use /home/anand/Desktop/Projects/HCG_project/HCG/IEEEtran/sup/part2_pngs-14.pn
g>
Package pdftex.def Info: /home/anand/Desktop/Projects/HCG_project/HCG/IEEEtran/
sup/part2_pngs-14.png  used on input line 253.
(pdftex.def)             Requested size: 190.63338pt x 107.29967pt.

Overfull \hbox (3.63338pt too wide) in paragraph at lines 253--253
[][] 
 []

</home/anand/Desktop/Projects/HCG_project/HCG/IEEEtran/sup/part2_pngs-15.png, i
d=31, 796.8972pt x 448.5558pt>
File: /home/anand/Desktop/Projects/HCG_project/HCG/IEEEtran/sup/part2_pngs-15.p
ng Graphic file (type png)
<use /home/anand/Desktop/Projects/HCG_project/HCG/IEEEtran/sup/part2_pngs-15.pn
g>
Package pdftex.def Info: /home/anand/Desktop/Projects/HCG_project/HCG/IEEEtran/
sup/part2_pngs-15.png  used on input line 254.
(pdftex.def)             Requested size: 190.63338pt x 107.29967pt.

Overfull \hbox (3.63338pt too wide) in paragraph at lines 254--254
[][] 
 []

</home/anand/Desktop/Projects/HCG_project/HCG/IEEEtran/sup/binary.png, id=32, 1
926.19624pt x 643.40375pt>
File: /home/anand/Desktop/Projects/HCG_project/HCG/IEEEtran/sup/binary.png Grap
hic file (type png)
<use /home/anand/Desktop/Projects/HCG_project/HCG/IEEEtran/sup/binary.png>
Package pdftex.def Info: /home/anand/Desktop/Projects/HCG_project/HCG/IEEEtran/
sup/binary.png  used on input line 261.
(pdftex.def)             Requested size: 475.14056pt x 256.08066pt.

Overfull \hbox (91.14056pt too wide) in paragraph at lines 261--262
[][] 
 []

</home/anand/Desktop/Projects/HCG_project/HCG/IEEEtran/sup/ternary.png, id=34, 
1926.19624pt x 639.38875pt>
File: /home/anand/Desktop/Projects/HCG_project/HCG/IEEEtran/sup/ternary.png Gra
phic file (type png)
<use /home/anand/Desktop/Projects/HCG_project/HCG/IEEEtran/sup/ternary.png>
Package pdftex.def Info: /home/anand/Desktop/Projects/HCG_project/HCG/IEEEtran/
sup/ternary.png  used on input line 265.
(pdftex.def)             Requested size: 475.14056pt x 256.07292pt.

Overfull \hbox (91.14056pt too wide) in paragraph at lines 265--266
[][] 
 []

No file LANCET_DIGIONCO_SUP.bbl.

Overfull \hbox (1.90001pt too wide) has occurred while \output is active
[] 
 []

[1

{/var/lib/texmf/fonts/map/pdftex/updmap/pdftex.map}] [2 </home/anand/Desktop/Pr
ojects/HCG_project/HCG/IEEEtran/sup/part1_pngs-05.png> </home/anand/Desktop/Pro
jects/HCG_project/HCG/IEEEtran/sup/part1_pngs-06.png> </home/anand/Desktop/Proj
ects/HCG_project/HCG/IEEEtran/sup/part1_pngs-07.png> </home/anand/Desktop/Proje
cts/HCG_project/HCG/IEEEtran/sup/part1_pngs-08.png> </home/anand/Desktop/Projec
ts/HCG_project/HCG/IEEEtran/sup/part1_pngs-09.png> </home/anand/Desktop/Project
s/HCG_project/HCG/IEEEtran/sup/part1_pngs-10.png> </home/anand/Desktop/Projects
/HCG_project/HCG/IEEEtran/sup/part1_pngs-11.png> </home/anand/Desktop/Projects/
HCG_project/HCG/IEEEtran/sup/part1_pngs-12.png>] [3 </home/anand/Desktop/Projec
ts/HCG_project/HCG/IEEEtran/sup/part1_pngs-13.png> </home/anand/Desktop/Project
s/HCG_project/HCG/IEEEtran/sup/part1_pngs-14.png> </home/anand/Desktop/Projects
/HCG_project/HCG/IEEEtran/sup/part1_pngs-15.png> </home/anand/Desktop/Projects/
HCG_project/HCG/IEEEtran/sup/part1_pngs-16.png> </home/anand/Desktop/Projects/H
CG_project/HCG/IEEEtran/sup/part1_pngs-17.png> </home/anand/Desktop/Projects/HC
G_project/HCG/IEEEtran/sup/part1_pngs-18.png> </home/anand/Desktop/Projects/HCG
_project/HCG/IEEEtran/sup/part1_pngs-19.png> </home/anand/Desktop/Projects/HCG_
project/HCG/IEEEtran/sup/part1_pngs-20.png>] [4 </home/anand/Desktop/Projects/H
CG_project/HCG/IEEEtran/sup/part2_pngs-01.png> </home/anand/Desktop/Projects/HC
G_project/HCG/IEEEtran/sup/part2_pngs-02.png> </home/anand/Desktop/Projects/HCG
_project/HCG/IEEEtran/sup/part2_pngs-03.png> </home/anand/Desktop/Projects/HCG_
project/HCG/IEEEtran/sup/part2_pngs-04.png> </home/anand/Desktop/Projects/HCG_p
roject/HCG/IEEEtran/sup/part2_pngs-05.png> </home/anand/Desktop/Projects/HCG_pr
oject/HCG/IEEEtran/sup/part2_pngs-06.png> </home/anand/Desktop/Projects/HCG_pro
ject/HCG/IEEEtran/sup/part2_pngs-07.png> </home/anand/Desktop/Projects/HCG_proj
ect/HCG/IEEEtran/sup/part2_pngs-08.png>] [5 </home/anand/Desktop/Projects/HCG_p
roject/HCG/IEEEtran/sup/part2_pngs-09.png> </home/anand/Desktop/Projects/HCG_pr
oject/HCG/IEEEtran/sup/part2_pngs-10.png> </home/anand/Desktop/Projects/HCG_pro
ject/HCG/IEEEtran/sup/part2_pngs-11.png> </home/anand/Desktop/Projects/HCG_proj
ect/HCG/IEEEtran/sup/part2_pngs-12.png> </home/anand/Desktop/Projects/HCG_proje
ct/HCG/IEEEtran/sup/part2_pngs-13.png> </home/anand/Desktop/Projects/HCG_projec
t/HCG/IEEEtran/sup/part2_pngs-14.png> </home/anand/Desktop/Projects/HCG_project
/HCG/IEEEtran/sup/part2_pngs-15.png>] [6] [7 </home/anand/Desktop/Projects/HCG_
project/HCG/IEEEtran/sup/binary.png>] [8 </home/anand/Desktop/Projects/HCG_proj
ect/HCG/IEEEtran/sup/ternary.png>] (./LANCET_DIGIONCO_SUP.aux) ) 
Here is how much of TeX's memory you used:
 5459 strings out of 481239
 89520 string characters out of 5920376
 486571 words of memory out of 5000000
 20593 multiletter control sequences out of 15000+600000
 559274 words of font info for 90 fonts, out of 8000000 for 9000
 1141 hyphenation exceptions out of 8191
 38i,8n,34p,1353b,280s stack positions out of 5000i,500n,10000p,200000b,80000s
{/usr/share/tex
live/texmf-dist/fonts/enc/dvips/base/8r.enc}</usr/share/texlive/texmf-dist/font
s/type1/public/txfonts/rtxr.pfb></usr/share/texlive/texmf-dist/fonts/type1/urw/
times/utmb8a.pfb></usr/share/texlive/texmf-dist/fonts/type1/urw/times/utmr8a.pf
b></usr/share/texlive/texmf-dist/fonts/type1/urw/times/utmri8a.pfb>
Output written on LANCET_DIGIONCO_SUP.pdf (8 pages, 2626251 bytes).
PDF statistics:
 84 PDF objects out of 1000 (max. 8388607)
 34 compressed objects within 1 object stream
 0 named destinations out of 1000 (max. 500000)
 166 words of extra memory for PDF output out of 10000 (max. 10000000)

