This is pdfTeX, Version 3.14159265-2.6-1.40.20 (TeX Live 2019/Debian) (preloaded format=pdflatex 2020.10.14)  28 DEC 2020 19:28
entering extended mode
 restricted \write18 enabled.
 %&-line parsing enabled.
**sup.tex
(./sup.tex
LaTeX2e <2020-02-02> patch level 2
L3 programming layer <2020-02-14>
(/usr/share/texlive/texmf-dist/tex/latex/IEEEtran/IEEEtran.cls
Document Class: IEEEtran 2015/08/26 V1.8b by Michael Shell
-- See the "IEEEtran_HOWTO" manual for usage information.
-- http://www.michaelshell.org/tex/ieeetran/
\@IEEEtrantmpdimenA=\dimen134
\@IEEEtrantmpdimenB=\dimen135
\@IEEEtrantmpdimenC=\dimen136
\@IEEEtrantmpcountA=\count167
\@IEEEtrantmpcountB=\count168
\@IEEEtrantmpcountC=\count169
\@IEEEtrantmptoksA=\toks14
LaTeX Font Info:    Trying to load font information for OT1+ppl on input line 5
03.
(/usr/share/texlive/texmf-dist/tex/latex/psnfss/ot1ppl.fd
File: ot1ppl.fd 2001/06/04 font definitions for OT1/ppl.
)
-- Using IEEE Computer Society mode.
-- Using 8.5in x 11in (letter) paper.
-- Using PDF output.
\@IEEEnormalsizeunitybaselineskip=\dimen137
-- This is a 10 point document.
\CLASSINFOnormalsizebaselineskip=\dimen138
\CLASSINFOnormalsizeunitybaselineskip=\dimen139
\IEEEnormaljot=\dimen140
LaTeX Font Info:    Font shape `OT1/ppl/bx/n' in size <5.01874> not available
(Font)              Font shape `OT1/ppl/b/n' tried instead on input line 1090.
LaTeX Font Info:    Font shape `OT1/ppl/bx/it' in size <5.01874> not available
(Font)              Font shape `OT1/ppl/b/it' tried instead on input line 1090.

LaTeX Font Info:    Font shape `OT1/ppl/bx/n' in size <7.02625> not available
(Font)              Font shape `OT1/ppl/b/n' tried instead on input line 1090.
LaTeX Font Info:    Font shape `OT1/ppl/bx/it' in size <7.02625> not available
(Font)              Font shape `OT1/ppl/b/it' tried instead on input line 1090.

LaTeX Font Info:    Font shape `OT1/ppl/bx/n' in size <8.03> not available
(Font)              Font shape `OT1/ppl/b/n' tried instead on input line 1090.
LaTeX Font Info:    Font shape `OT1/ppl/bx/it' in size <8.03> not available
(Font)              Font shape `OT1/ppl/b/it' tried instead on input line 1090.

LaTeX Font Info:    Font shape `OT1/ppl/bx/n' in size <9.03374> not available
(Font)              Font shape `OT1/ppl/b/n' tried instead on input line 1090.
LaTeX Font Info:    Font shape `OT1/ppl/bx/it' in size <9.03374> not available
(Font)              Font shape `OT1/ppl/b/it' tried instead on input line 1090.

LaTeX Font Info:    Font shape `OT1/ppl/bx/n' in size <9.53561> not available
(Font)              Font shape `OT1/ppl/b/n' tried instead on input line 1090.
LaTeX Font Info:    Font shape `OT1/ppl/bx/it' in size <9.53561> not available
(Font)              Font shape `OT1/ppl/b/it' tried instead on input line 1090.

LaTeX Font Info:    Font shape `OT1/ppl/bx/n' in size <11.04124> not available
(Font)              Font shape `OT1/ppl/b/n' tried instead on input line 1090.
LaTeX Font Info:    Font shape `OT1/ppl/bx/it' in size <11.04124> not available

(Font)              Font shape `OT1/ppl/b/it' tried instead on input line 1090.

LaTeX Font Info:    Font shape `OT1/ppl/bx/n' in size <12.045> not available
(Font)              Font shape `OT1/ppl/b/n' tried instead on input line 1090.
LaTeX Font Info:    Font shape `OT1/ppl/bx/it' in size <12.045> not available
(Font)              Font shape `OT1/ppl/b/it' tried instead on input line 1090.

LaTeX Font Info:    Font shape `OT1/ppl/bx/n' in size <17.06374> not available
(Font)              Font shape `OT1/ppl/b/n' tried instead on input line 1090.
LaTeX Font Info:    Font shape `OT1/ppl/bx/it' in size <17.06374> not available

(Font)              Font shape `OT1/ppl/b/it' tried instead on input line 1090.

LaTeX Font Info:    Font shape `OT1/ppl/bx/n' in size <20.075> not available
(Font)              Font shape `OT1/ppl/b/n' tried instead on input line 1090.
LaTeX Font Info:    Font shape `OT1/ppl/bx/it' in size <20.075> not available
(Font)              Font shape `OT1/ppl/b/it' tried instead on input line 1090.

LaTeX Font Info:    Font shape `OT1/ppl/bx/n' in size <24.09> not available
(Font)              Font shape `OT1/ppl/b/n' tried instead on input line 1090.
LaTeX Font Info:    Font shape `OT1/ppl/bx/it' in size <24.09> not available
(Font)              Font shape `OT1/ppl/b/it' tried instead on input line 1090.

\IEEEquantizedlength=\dimen141
\IEEEquantizedlengthdiff=\dimen142
\IEEEquantizedtextheightdiff=\dimen143
\IEEEilabelindentA=\dimen144
\IEEEilabelindentB=\dimen145
\IEEEilabelindent=\dimen146
\IEEEelabelindent=\dimen147
\IEEEdlabelindent=\dimen148
\IEEElabelindent=\dimen149
\IEEEiednormlabelsep=\dimen150
\IEEEiedmathlabelsep=\dimen151
\IEEEiedtopsep=\skip47
\c@section=\count170
\c@subsection=\count171
\c@subsubsection=\count172
\c@paragraph=\count173
\c@IEEEsubequation=\count174
\abovecaptionskip=\skip48
\belowcaptionskip=\skip49
\c@figure=\count175
\c@table=\count176
\@IEEEeqnnumcols=\count177
\@IEEEeqncolcnt=\count178
\@IEEEsubeqnnumrollback=\count179
\@IEEEquantizeheightA=\dimen152
\@IEEEquantizeheightB=\dimen153
\@IEEEquantizeheightC=\dimen154
\@IEEEquantizeprevdepth=\dimen155
\@IEEEquantizemultiple=\count180
\@IEEEquantizeboxA=\box45
\@IEEEtmpitemindent=\dimen156
\IEEEPARstartletwidth=\dimen157
\c@IEEEbiography=\count181
\@IEEEtranrubishbin=\box46
) (/usr/share/texlive/texmf-dist/tex/latex/amsmath/amsmath.sty
Package: amsmath 2020/01/20 v2.17e AMS math features
\@mathmargin=\skip50

For additional information on amsmath, use the `?' option.
(/usr/share/texlive/texmf-dist/tex/latex/amsmath/amstext.sty
Package: amstext 2000/06/29 v2.01 AMS text

(/usr/share/texlive/texmf-dist/tex/latex/amsmath/amsgen.sty
File: amsgen.sty 1999/11/30 v2.0 generic functions
\@emptytoks=\toks15
\ex@=\dimen158
))
(/usr/share/texlive/texmf-dist/tex/latex/amsmath/amsbsy.sty
Package: amsbsy 1999/11/29 v1.2d Bold Symbols
\pmbraise@=\dimen159
)
(/usr/share/texlive/texmf-dist/tex/latex/amsmath/amsopn.sty
Package: amsopn 2016/03/08 v2.02 operator names
)
\inf@bad=\count182
LaTeX Info: Redefining \frac on input line 227.
\uproot@=\count183
\leftroot@=\count184
LaTeX Info: Redefining \overline on input line 389.
\classnum@=\count185
\DOTSCASE@=\count186
LaTeX Info: Redefining \ldots on input line 486.
LaTeX Info: Redefining \dots on input line 489.
LaTeX Info: Redefining \cdots on input line 610.
\Mathstrutbox@=\box47
\strutbox@=\box48
\big@size=\dimen160
LaTeX Font Info:    Redeclaring font encoding OML on input line 733.
LaTeX Font Info:    Redeclaring font encoding OMS on input line 734.
\macc@depth=\count187
\c@MaxMatrixCols=\count188
\dotsspace@=\muskip16
\c@parentequation=\count189
\dspbrk@lvl=\count190
\tag@help=\toks16
\row@=\count191
\column@=\count192
\maxfields@=\count193
\andhelp@=\toks17
\eqnshift@=\dimen161
\alignsep@=\dimen162
\tagshift@=\dimen163
\tagwidth@=\dimen164
\totwidth@=\dimen165
\lineht@=\dimen166
\@envbody=\toks18
\multlinegap=\skip51
\multlinetaggap=\skip52
\mathdisplay@stack=\toks19
LaTeX Info: Redefining \[ on input line 2859.
LaTeX Info: Redefining \] on input line 2860.
)
(/usr/share/texlive/texmf-dist/tex/latex/graphics/graphicx.sty
Package: graphicx 2019/11/30 v1.2a Enhanced LaTeX Graphics (DPC,SPQR)

(/usr/share/texlive/texmf-dist/tex/latex/graphics/keyval.sty
Package: keyval 2014/10/28 v1.15 key=value parser (DPC)
\KV@toks@=\toks20
)
(/usr/share/texlive/texmf-dist/tex/latex/graphics/graphics.sty
Package: graphics 2019/11/30 v1.4a Standard LaTeX Graphics (DPC,SPQR)

(/usr/share/texlive/texmf-dist/tex/latex/graphics/trig.sty
Package: trig 2016/01/03 v1.10 sin cos tan (DPC)
)
(/usr/share/texlive/texmf-dist/tex/latex/graphics-cfg/graphics.cfg
File: graphics.cfg 2016/06/04 v1.11 sample graphics configuration
)
Package graphics Info: Driver file: pdftex.def on input line 105.

(/usr/share/texlive/texmf-dist/tex/latex/graphics-def/pdftex.def
File: pdftex.def 2018/01/08 v1.0l Graphics/color driver for pdftex
))
\Gin@req@height=\dimen167
\Gin@req@width=\dimen168
)
(/usr/share/texlive/texmf-dist/tex/latex/cite/cite.sty
LaTeX Info: Redefining \cite on input line 302.
LaTeX Info: Redefining \nocite on input line 332.
Package: cite 2015/02/27  v 5.5
)
(/usr/share/texlive/texmf-dist/tex/latex/algorithms/algorithmic.sty
Package: algorithmic 2009/08/24 v0.1 Document Style `algorithmic'

(/usr/share/texlive/texmf-dist/tex/latex/base/ifthen.sty
Package: ifthen 2014/09/29 v1.1c Standard LaTeX ifthen package (DPC)
)
\c@ALC@unique=\count194
\c@ALC@line=\count195
\c@ALC@rem=\count196
\c@ALC@depth=\count197
\ALC@tlm=\skip53
\algorithmicindent=\skip54
)
(/usr/share/texlive/texmf-dist/tex/latex/algorithms/algorithm.sty
Package: algorithm 2009/08/24 v0.1 Document Style `algorithm' - floating enviro
nment

(/usr/share/texlive/texmf-dist/tex/latex/float/float.sty
Package: float 2001/11/08 v1.3d Float enhancements (AL)
\c@float@type=\count198
\float@exts=\toks21
\float@box=\box49
\@float@everytoks=\toks22
\@floatcapt=\box50
)
\@float@every@algorithm=\toks23
\c@algorithm=\count199
)
(/usr/share/texlive/texmf-dist/tex/latex/subfigure/subfigure.sty
Package: subfigure 2002/03/15 v2.1.5 subfigure package
\subfigtopskip=\skip55
\subfigcapskip=\skip56
\subfigcaptopadj=\dimen169
\subfigbottomskip=\skip57
\subfigcapmargin=\dimen170
\subfiglabelskip=\skip58
\c@subfigure=\count266
\c@lofdepth=\count267
\c@subtable=\count268
\c@lotdepth=\count269

****************************************
* Local config file subfigure.cfg used *
****************************************
(/usr/share/texlive/texmf-dist/tex/latex/subfigure/subfigure.cfg)
\subfig@top=\skip59
\subfig@bottom=\skip60
)
(/usr/share/texlive/texmf-dist/tex/latex/subfig/subfig.sty
Package: subfig 2005/06/28 ver: 1.3 subfig package

(/usr/share/texlive/texmf-dist/tex/latex/caption/caption3.sty
Package: caption3 2020/01/03 v1.8h caption3 kernel (AR)
Package caption3 Info: TeX engine: e-TeX on input line 61.
\captionmargin=\dimen171
\captionmargin@=\dimen172
\captionwidth=\dimen173
\caption@tempdima=\dimen174
\caption@indent=\dimen175
\caption@parindent=\dimen176
\caption@hangindent=\dimen177
Package caption Info: Unknown document class (or package),
(caption)             standard defaults will be used.
Package caption Info: \@makecaption = \long macro:#1#2->\ifx \@captype \@IEEEta
blestring \footnotesize \bgroup \par \centering \@IEEEtabletopskipstrut {\norma
lfont \sffamily \footnotesize #1}\\{\normalfont \sffamily \footnotesize #2}\par
 \addvspace {0.5\baselineskip }\egroup \@IEEEtablecaptionsepspace \else \@IEEEf
igurecaptionsepspace \setbox \@tempboxa \hbox {\normalfont \sffamily \footnotes
ize {#1.}\nobreakspace #2}\ifdim \wd \@tempboxa >\hsize \setbox \@tempboxa \hbo
x {\normalfont \sffamily \footnotesize {#1.}\nobreakspace }\parbox [t]{\hsize }
{\normalfont \sffamily \footnotesize \noindent \unhbox \@tempboxa #2}\else \hbo
x to\hsize {\normalfont \sffamily \footnotesize \box \@tempboxa \hfil }\fi \fi 
 on input line 1082.
)
\c@KVtest=\count270
\sf@farskip=\skip61
\sf@captopadj=\dimen178
\sf@capskip=\skip62
\sf@nearskip=\skip63
\sf@top=\skip64
\sf@bottom=\skip65
)
(/usr/share/texlive/texmf-dist/tex/latex/sttools/stfloats.sty
Package: stfloats 2017/03/27 v3.3 Improve float mechanism and baselineskip sett
ings
\@dblbotnum=\count271
\c@dblbotnumber=\count272
)
(/usr/share/texlive/texmf-dist/tex/latex/tools/multicol.sty
Package: multicol 2019/12/09 v1.8y multicolumn formatting (FMi)
\c@tracingmulticols=\count273
\mult@box=\box51
\multicol@leftmargin=\dimen179
\c@unbalance=\count274
\c@collectmore=\count275
\doublecol@number=\count276
\multicoltolerance=\count277
\multicolpretolerance=\count278
\full@width=\dimen180
\page@free=\dimen181
\premulticols=\dimen182
\postmulticols=\dimen183
\multicolsep=\skip66
\multicolbaselineskip=\skip67
\partial@page=\box52
\last@line=\box53
\maxbalancingoverflow=\dimen184
\mult@rightbox=\box54
\mult@grightbox=\box55
\mult@gfirstbox=\box56
\mult@firstbox=\box57
\@tempa=\box58
\@tempa=\box59
\@tempa=\box60
\@tempa=\box61
\@tempa=\box62
\@tempa=\box63
\@tempa=\box64
\@tempa=\box65
\@tempa=\box66
\@tempa=\box67
\@tempa=\box68
\@tempa=\box69
\@tempa=\box70
\@tempa=\box71
\@tempa=\box72
\@tempa=\box73
\@tempa=\box74
\@tempa=\box75
\@tempa=\box76
\@tempa=\box77
\@tempa=\box78
\@tempa=\box79
\@tempa=\box80
\@tempa=\box81
\@tempa=\box82
\@tempa=\box83
\@tempa=\box84
\@tempa=\box85
\@tempa=\box86
\@tempa=\box87
\@tempa=\box88
\@tempa=\box89
\@tempa=\box90
\@tempa=\box91
\@tempa=\box92
\@tempa=\box93
\@tempa=\box94
\c@minrows=\count279
\c@columnbadness=\count280
\c@finalcolumnbadness=\count281
\last@try=\dimen185
\multicolovershoot=\dimen186
\multicolundershoot=\dimen187
\mult@nat@firstbox=\box95
\colbreak@box=\box96
\mc@col@check@num=\count282
)
(/usr/share/texlive/texmf-dist/tex/latex/l3backend/l3backend-pdfmode.def
File: l3backend-pdfmode.def 2020-02-03 L3 backend support: PDF mode
\l__kernel_color_stack_int=\count283
\l__pdf_internal_box=\box97
)
(./sup.aux)
\openout1 = `sup.aux'.

LaTeX Font Info:    Checking defaults for OML/cmm/m/it on input line 376.
LaTeX Font Info:    ... okay on input line 376.
LaTeX Font Info:    Checking defaults for OMS/cmsy/m/n on input line 376.
LaTeX Font Info:    ... okay on input line 376.
LaTeX Font Info:    Checking defaults for OT1/cmr/m/n on input line 376.
LaTeX Font Info:    ... okay on input line 376.
LaTeX Font Info:    Checking defaults for T1/cmr/m/n on input line 376.
LaTeX Font Info:    ... okay on input line 376.
LaTeX Font Info:    Checking defaults for TS1/cmr/m/n on input line 376.
LaTeX Font Info:    ... okay on input line 376.
LaTeX Font Info:    Checking defaults for OMX/cmex/m/n on input line 376.
LaTeX Font Info:    ... okay on input line 376.
LaTeX Font Info:    Checking defaults for U/cmr/m/n on input line 376.
LaTeX Font Info:    ... okay on input line 376.

-- Lines per column: 61 (exact).
(/usr/share/texlive/texmf-dist/tex/context/base/mkii/supp-pdf.mkii
[Loading MPS to PDF converter (version 2006.09.02).]
\scratchcounter=\count284
\scratchdimen=\dimen188
\scratchbox=\box98
\nofMPsegments=\count285
\nofMParguments=\count286
\everyMPshowfont=\toks24
\MPscratchCnt=\count287
\MPscratchDim=\dimen189
\MPnumerator=\count288
\makeMPintoPDFobject=\count289
\everyMPtoPDFconversion=\toks25
) (/usr/share/texlive/texmf-dist/tex/latex/epstopdf-pkg/epstopdf-base.sty
Package: epstopdf-base 2020-01-24 v2.11 Base part for package epstopdf
Package epstopdf-base Info: Redefining graphics rule for `.eps' on input line 4
85.

(/usr/share/texlive/texmf-dist/tex/latex/latexconfig/epstopdf-sys.cfg
File: epstopdf-sys.cfg 2010/07/13 v1.3 Configuration of (r)epstopdf for TeX Liv
e
))
Package caption Info: Begin \AtBeginDocument code.
Package caption Info: subfig package v1.3 is loaded.
Package caption Info: End \AtBeginDocument code.
LaTeX Font Info:    Trying to load font information for OT1+phv on input line 4
92.

(/usr/share/texlive/texmf-dist/tex/latex/psnfss/ot1phv.fd
File: ot1phv.fd 2001/06/04 scalable font definitions for OT1/phv.
)
LaTeX Font Info:    Font shape `OT1/phv/m/it' in size <11.04124> not available
(Font)              Font shape `OT1/phv/m/sl' tried instead on input line 492.
LaTeX Font Info:    Calculating math sizes for size <8.03> on input line 492.
LaTeX Font Info:    Calculating math sizes for size <11.04124> on input line 49
2.
LaTeX Font Info:    Trying to load font information for U+pzd on input line 492
.

(/usr/share/texlive/texmf-dist/tex/latex/psnfss/upzd.fd
File: upzd.fd 2001/06/04 font definitions for U/pzd.
)
LaTeX Font Info:    Calculating math sizes for size <9.53561> on input line 520
.
</home/anand/Desktop/Projects/HCG_project/HCG/IEEEtran/sup/part1_pngs-05.png, i
d=1, 1660.2025pt x 868.24374pt>
File: /home/anand/Desktop/Projects/HCG_project/HCG/IEEEtran/sup/part1_pngs-05.p
ng Graphic file (type png)
<use /home/anand/Desktop/Projects/HCG_project/HCG/IEEEtran/sup/part1_pngs-05.pn
g>
Package pdftex.def Info: /home/anand/Desktop/Projects/HCG_project/HCG/IEEEtran/
sup/part1_pngs-05.png  used on input line 608.
(pdftex.def)             Requested size: 227.62204pt x 119.0361pt.
</home/anand/Desktop/Projects/HCG_project/HCG/IEEEtran/sup/part1_pngs-06.png, i
d=2, 796.8972pt x 448.5558pt>
File: /home/anand/Desktop/Projects/HCG_project/HCG/IEEEtran/sup/part1_pngs-06.p
ng Graphic file (type png)
<use /home/anand/Desktop/Projects/HCG_project/HCG/IEEEtran/sup/part1_pngs-06.pn
g>
Package pdftex.def Info: /home/anand/Desktop/Projects/HCG_project/HCG/IEEEtran/
sup/part1_pngs-06.png  used on input line 609.
(pdftex.def)             Requested size: 227.62204pt x 128.12035pt.
</home/anand/Desktop/Projects/HCG_project/HCG/IEEEtran/sup/part1_pngs-07.png, i
d=3, 796.8972pt x 448.5558pt>
File: /home/anand/Desktop/Projects/HCG_project/HCG/IEEEtran/sup/part1_pngs-07.p
ng Graphic file (type png)
<use /home/anand/Desktop/Projects/HCG_project/HCG/IEEEtran/sup/part1_pngs-07.pn
g>
Package pdftex.def Info: /home/anand/Desktop/Projects/HCG_project/HCG/IEEEtran/
sup/part1_pngs-07.png  used on input line 610.
(pdftex.def)             Requested size: 227.62204pt x 128.12035pt.
</home/anand/Desktop/Projects/HCG_project/HCG/IEEEtran/sup/part1_pngs-08.png, i
d=4, 796.8972pt x 448.5558pt>
File: /home/anand/Desktop/Projects/HCG_project/HCG/IEEEtran/sup/part1_pngs-08.p
ng Graphic file (type png)
<use /home/anand/Desktop/Projects/HCG_project/HCG/IEEEtran/sup/part1_pngs-08.pn
g>
Package pdftex.def Info: /home/anand/Desktop/Projects/HCG_project/HCG/IEEEtran/
sup/part1_pngs-08.png  used on input line 611.
(pdftex.def)             Requested size: 227.62204pt x 128.12035pt.
</home/anand/Desktop/Projects/HCG_project/HCG/IEEEtran/sup/part1_pngs-09.png, i
d=5, 796.8972pt x 448.5558pt>
File: /home/anand/Desktop/Projects/HCG_project/HCG/IEEEtran/sup/part1_pngs-09.p
ng Graphic file (type png)
<use /home/anand/Desktop/Projects/HCG_project/HCG/IEEEtran/sup/part1_pngs-09.pn
g>
Package pdftex.def Info: /home/anand/Desktop/Projects/HCG_project/HCG/IEEEtran/
sup/part1_pngs-09.png  used on input line 614.
(pdftex.def)             Requested size: 227.62204pt x 128.12035pt.
</home/anand/Desktop/Projects/HCG_project/HCG/IEEEtran/sup/part1_pngs-10.png, i
d=6, 796.8972pt x 448.5558pt>
File: /home/anand/Desktop/Projects/HCG_project/HCG/IEEEtran/sup/part1_pngs-10.p
ng Graphic file (type png)
<use /home/anand/Desktop/Projects/HCG_project/HCG/IEEEtran/sup/part1_pngs-10.pn
g>
Package pdftex.def Info: /home/anand/Desktop/Projects/HCG_project/HCG/IEEEtran/
sup/part1_pngs-10.png  used on input line 615.
(pdftex.def)             Requested size: 227.62204pt x 128.12035pt.
</home/anand/Desktop/Projects/HCG_project/HCG/IEEEtran/sup/part1_pngs-11.png, i
d=7, 796.8972pt x 448.5558pt>
File: /home/anand/Desktop/Projects/HCG_project/HCG/IEEEtran/sup/part1_pngs-11.p
ng Graphic file (type png)
<use /home/anand/Desktop/Projects/HCG_project/HCG/IEEEtran/sup/part1_pngs-11.pn
g>
Package pdftex.def Info: /home/anand/Desktop/Projects/HCG_project/HCG/IEEEtran/
sup/part1_pngs-11.png  used on input line 616.
(pdftex.def)             Requested size: 227.62204pt x 128.12035pt.
</home/anand/Desktop/Projects/HCG_project/HCG/IEEEtran/sup/part1_pngs-12.png, i
d=8, 796.8972pt x 448.5558pt>
File: /home/anand/Desktop/Projects/HCG_project/HCG/IEEEtran/sup/part1_pngs-12.p
ng Graphic file (type png)
<use /home/anand/Desktop/Projects/HCG_project/HCG/IEEEtran/sup/part1_pngs-12.pn
g>
Package pdftex.def Info: /home/anand/Desktop/Projects/HCG_project/HCG/IEEEtran/
sup/part1_pngs-12.png  used on input line 617.
(pdftex.def)             Requested size: 227.62204pt x 128.12035pt.
</home/anand/Desktop/Projects/HCG_project/HCG/IEEEtran/sup/part1_pngs-13.png, i
d=9, 796.8972pt x 448.5558pt>
File: /home/anand/Desktop/Projects/HCG_project/HCG/IEEEtran/sup/part1_pngs-13.p
ng Graphic file (type png)
<use /home/anand/Desktop/Projects/HCG_project/HCG/IEEEtran/sup/part1_pngs-13.pn
g>
Package pdftex.def Info: /home/anand/Desktop/Projects/HCG_project/HCG/IEEEtran/
sup/part1_pngs-13.png  used on input line 623.
(pdftex.def)             Requested size: 227.62204pt x 128.12035pt.
</home/anand/Desktop/Projects/HCG_project/HCG/IEEEtran/sup/part1_pngs-14.png, i
d=10, 796.8972pt x 448.5558pt>
File: /home/anand/Desktop/Projects/HCG_project/HCG/IEEEtran/sup/part1_pngs-14.p
ng Graphic file (type png)
<use /home/anand/Desktop/Projects/HCG_project/HCG/IEEEtran/sup/part1_pngs-14.pn
g>
Package pdftex.def Info: /home/anand/Desktop/Projects/HCG_project/HCG/IEEEtran/
sup/part1_pngs-14.png  used on input line 624.
(pdftex.def)             Requested size: 227.62204pt x 128.12035pt.
</home/anand/Desktop/Projects/HCG_project/HCG/IEEEtran/sup/part1_pngs-15.png, i
d=11, 796.8972pt x 448.5558pt>
File: /home/anand/Desktop/Projects/HCG_project/HCG/IEEEtran/sup/part1_pngs-15.p
ng Graphic file (type png)
<use /home/anand/Desktop/Projects/HCG_project/HCG/IEEEtran/sup/part1_pngs-15.pn
g>
Package pdftex.def Info: /home/anand/Desktop/Projects/HCG_project/HCG/IEEEtran/
sup/part1_pngs-15.png  used on input line 625.
(pdftex.def)             Requested size: 227.62204pt x 128.12035pt.
</home/anand/Desktop/Projects/HCG_project/HCG/IEEEtran/sup/part1_pngs-16.png, i
d=12, 796.8972pt x 448.5558pt>
File: /home/anand/Desktop/Projects/HCG_project/HCG/IEEEtran/sup/part1_pngs-16.p
ng Graphic file (type png)
<use /home/anand/Desktop/Projects/HCG_project/HCG/IEEEtran/sup/part1_pngs-16.pn
g>
Package pdftex.def Info: /home/anand/Desktop/Projects/HCG_project/HCG/IEEEtran/
sup/part1_pngs-16.png  used on input line 626.
(pdftex.def)             Requested size: 227.62204pt x 128.12035pt.
</home/anand/Desktop/Projects/HCG_project/HCG/IEEEtran/sup/part1_pngs-17.png, i
d=13, 796.8972pt x 448.5558pt>
File: /home/anand/Desktop/Projects/HCG_project/HCG/IEEEtran/sup/part1_pngs-17.p
ng Graphic file (type png)
<use /home/anand/Desktop/Projects/HCG_project/HCG/IEEEtran/sup/part1_pngs-17.pn
g>
Package pdftex.def Info: /home/anand/Desktop/Projects/HCG_project/HCG/IEEEtran/
sup/part1_pngs-17.png  used on input line 629.
(pdftex.def)             Requested size: 227.62204pt x 128.12035pt.
</home/anand/Desktop/Projects/HCG_project/HCG/IEEEtran/sup/part1_pngs-18.png, i
d=14, 796.8972pt x 448.5558pt>
File: /home/anand/Desktop/Projects/HCG_project/HCG/IEEEtran/sup/part1_pngs-18.p
ng Graphic file (type png)
<use /home/anand/Desktop/Projects/HCG_project/HCG/IEEEtran/sup/part1_pngs-18.pn
g>
Package pdftex.def Info: /home/anand/Desktop/Projects/HCG_project/HCG/IEEEtran/
sup/part1_pngs-18.png  used on input line 630.
(pdftex.def)             Requested size: 227.62204pt x 128.12035pt.
</home/anand/Desktop/Projects/HCG_project/HCG/IEEEtran/sup/part1_pngs-19.png, i
d=15, 796.8972pt x 448.5558pt>
File: /home/anand/Desktop/Projects/HCG_project/HCG/IEEEtran/sup/part1_pngs-19.p
ng Graphic file (type png)
<use /home/anand/Desktop/Projects/HCG_project/HCG/IEEEtran/sup/part1_pngs-19.pn
g>
Package pdftex.def Info: /home/anand/Desktop/Projects/HCG_project/HCG/IEEEtran/
sup/part1_pngs-19.png  used on input line 631.
(pdftex.def)             Requested size: 227.62204pt x 128.12035pt.
</home/anand/Desktop/Projects/HCG_project/HCG/IEEEtran/sup/part1_pngs-20.png, i
d=16, 796.8972pt x 448.5558pt>
File: /home/anand/Desktop/Projects/HCG_project/HCG/IEEEtran/sup/part1_pngs-20.p
ng Graphic file (type png)
<use /home/anand/Desktop/Projects/HCG_project/HCG/IEEEtran/sup/part1_pngs-20.pn
g>
Package pdftex.def Info: /home/anand/Desktop/Projects/HCG_project/HCG/IEEEtran/
sup/part1_pngs-20.png  used on input line 632.
(pdftex.def)             Requested size: 227.62204pt x 128.12035pt.
</home/anand/Desktop/Projects/HCG_project/HCG/IEEEtran/sup/part2_pngs-01.png, i
d=17, 1656.1875pt x 865.2325pt>
File: /home/anand/Desktop/Projects/HCG_project/HCG/IEEEtran/sup/part2_pngs-01.p
ng Graphic file (type png)
<use /home/anand/Desktop/Projects/HCG_project/HCG/IEEEtran/sup/part2_pngs-01.pn
g>
Package pdftex.def Info: /home/anand/Desktop/Projects/HCG_project/HCG/IEEEtran/
sup/part2_pngs-01.png  used on input line 640.
(pdftex.def)             Requested size: 227.62204pt x 118.91373pt.
</home/anand/Desktop/Projects/HCG_project/HCG/IEEEtran/sup/part2_pngs-02.png, i
d=18, 796.8972pt x 448.5558pt>
File: /home/anand/Desktop/Projects/HCG_project/HCG/IEEEtran/sup/part2_pngs-02.p
ng Graphic file (type png)
<use /home/anand/Desktop/Projects/HCG_project/HCG/IEEEtran/sup/part2_pngs-02.pn
g>
Package pdftex.def Info: /home/anand/Desktop/Projects/HCG_project/HCG/IEEEtran/
sup/part2_pngs-02.png  used on input line 641.
(pdftex.def)             Requested size: 227.62204pt x 128.12035pt.
</home/anand/Desktop/Projects/HCG_project/HCG/IEEEtran/sup/part2_pngs-03.png, i
d=19, 796.8972pt x 448.5558pt>
File: /home/anand/Desktop/Projects/HCG_project/HCG/IEEEtran/sup/part2_pngs-03.p
ng Graphic file (type png)
<use /home/anand/Desktop/Projects/HCG_project/HCG/IEEEtran/sup/part2_pngs-03.pn
g>
Package pdftex.def Info: /home/anand/Desktop/Projects/HCG_project/HCG/IEEEtran/
sup/part2_pngs-03.png  used on input line 642.
(pdftex.def)             Requested size: 227.62204pt x 128.12035pt.
</home/anand/Desktop/Projects/HCG_project/HCG/IEEEtran/sup/part2_pngs-04.png, i
d=20, 796.8972pt x 448.5558pt>
File: /home/anand/Desktop/Projects/HCG_project/HCG/IEEEtran/sup/part2_pngs-04.p
ng Graphic file (type png)
<use /home/anand/Desktop/Projects/HCG_project/HCG/IEEEtran/sup/part2_pngs-04.pn
g>
Package pdftex.def Info: /home/anand/Desktop/Projects/HCG_project/HCG/IEEEtran/
sup/part2_pngs-04.png  used on input line 643.
(pdftex.def)             Requested size: 227.62204pt x 128.12035pt.
</home/anand/Desktop/Projects/HCG_project/HCG/IEEEtran/sup/part2_pngs-05.png, i
d=21, 796.8972pt x 448.5558pt>
File: /home/anand/Desktop/Projects/HCG_project/HCG/IEEEtran/sup/part2_pngs-05.p
ng Graphic file (type png)
<use /home/anand/Desktop/Projects/HCG_project/HCG/IEEEtran/sup/part2_pngs-05.pn
g>
Package pdftex.def Info: /home/anand/Desktop/Projects/HCG_project/HCG/IEEEtran/
sup/part2_pngs-05.png  used on input line 646.
(pdftex.def)             Requested size: 227.62204pt x 128.12035pt.
</home/anand/Desktop/Projects/HCG_project/HCG/IEEEtran/sup/part2_pngs-06.png, i
d=22, 796.8972pt x 448.5558pt>
File: /home/anand/Desktop/Projects/HCG_project/HCG/IEEEtran/sup/part2_pngs-06.p
ng Graphic file (type png)
<use /home/anand/Desktop/Projects/HCG_project/HCG/IEEEtran/sup/part2_pngs-06.pn
g>
Package pdftex.def Info: /home/anand/Desktop/Projects/HCG_project/HCG/IEEEtran/
sup/part2_pngs-06.png  used on input line 647.
(pdftex.def)             Requested size: 227.62204pt x 128.12035pt.
</home/anand/Desktop/Projects/HCG_project/HCG/IEEEtran/sup/part2_pngs-07.png, i
d=23, 796.8972pt x 448.5558pt>
File: /home/anand/Desktop/Projects/HCG_project/HCG/IEEEtran/sup/part2_pngs-07.p
ng Graphic file (type png)
<use /home/anand/Desktop/Projects/HCG_project/HCG/IEEEtran/sup/part2_pngs-07.pn
g>
Package pdftex.def Info: /home/anand/Desktop/Projects/HCG_project/HCG/IEEEtran/
sup/part2_pngs-07.png  used on input line 648.
(pdftex.def)             Requested size: 227.62204pt x 128.12035pt.
</home/anand/Desktop/Projects/HCG_project/HCG/IEEEtran/sup/part2_pngs-08.png, i
d=24, 796.8972pt x 448.5558pt>
File: /home/anand/Desktop/Projects/HCG_project/HCG/IEEEtran/sup/part2_pngs-08.p
ng Graphic file (type png)
<use /home/anand/Desktop/Projects/HCG_project/HCG/IEEEtran/sup/part2_pngs-08.pn
g>
Package pdftex.def Info: /home/anand/Desktop/Projects/HCG_project/HCG/IEEEtran/
sup/part2_pngs-08.png  used on input line 649.
(pdftex.def)             Requested size: 227.62204pt x 128.12035pt.
</home/anand/Desktop/Projects/HCG_project/HCG/IEEEtran/sup/part2_pngs-09.png, i
d=25, 796.8972pt x 448.5558pt>
File: /home/anand/Desktop/Projects/HCG_project/HCG/IEEEtran/sup/part2_pngs-09.p
ng Graphic file (type png)
<use /home/anand/Desktop/Projects/HCG_project/HCG/IEEEtran/sup/part2_pngs-09.pn
g>
Package pdftex.def Info: /home/anand/Desktop/Projects/HCG_project/HCG/IEEEtran/
sup/part2_pngs-09.png  used on input line 655.
(pdftex.def)             Requested size: 227.62204pt x 128.12035pt.
</home/anand/Desktop/Projects/HCG_project/HCG/IEEEtran/sup/part2_pngs-10.png, i
d=26, 796.8972pt x 448.5558pt>
File: /home/anand/Desktop/Projects/HCG_project/HCG/IEEEtran/sup/part2_pngs-10.p
ng Graphic file (type png)
<use /home/anand/Desktop/Projects/HCG_project/HCG/IEEEtran/sup/part2_pngs-10.pn
g>
Package pdftex.def Info: /home/anand/Desktop/Projects/HCG_project/HCG/IEEEtran/
sup/part2_pngs-10.png  used on input line 656.
(pdftex.def)             Requested size: 227.62204pt x 128.12035pt.
</home/anand/Desktop/Projects/HCG_project/HCG/IEEEtran/sup/part2_pngs-11.png, i
d=27, 796.8972pt x 448.5558pt>
File: /home/anand/Desktop/Projects/HCG_project/HCG/IEEEtran/sup/part2_pngs-11.p
ng Graphic file (type png)
<use /home/anand/Desktop/Projects/HCG_project/HCG/IEEEtran/sup/part2_pngs-11.pn
g>
Package pdftex.def Info: /home/anand/Desktop/Projects/HCG_project/HCG/IEEEtran/
sup/part2_pngs-11.png  used on input line 657.
(pdftex.def)             Requested size: 227.62204pt x 128.12035pt.
</home/anand/Desktop/Projects/HCG_project/HCG/IEEEtran/sup/part2_pngs-12.png, i
d=28, 796.8972pt x 448.5558pt>
File: /home/anand/Desktop/Projects/HCG_project/HCG/IEEEtran/sup/part2_pngs-12.p
ng Graphic file (type png)
<use /home/anand/Desktop/Projects/HCG_project/HCG/IEEEtran/sup/part2_pngs-12.pn
g>
Package pdftex.def Info: /home/anand/Desktop/Projects/HCG_project/HCG/IEEEtran/
sup/part2_pngs-12.png  used on input line 658.
(pdftex.def)             Requested size: 227.62204pt x 128.12035pt.
</home/anand/Desktop/Projects/HCG_project/HCG/IEEEtran/sup/part2_pngs-13.png, i
d=29, 796.8972pt x 448.5558pt>
File: /home/anand/Desktop/Projects/HCG_project/HCG/IEEEtran/sup/part2_pngs-13.p
ng Graphic file (type png)
<use /home/anand/Desktop/Projects/HCG_project/HCG/IEEEtran/sup/part2_pngs-13.pn
g>
Package pdftex.def Info: /home/anand/Desktop/Projects/HCG_project/HCG/IEEEtran/
sup/part2_pngs-13.png  used on input line 661.
(pdftex.def)             Requested size: 227.62204pt x 128.12035pt.
</home/anand/Desktop/Projects/HCG_project/HCG/IEEEtran/sup/part2_pngs-14.png, i
d=30, 796.8972pt x 448.5558pt>
File: /home/anand/Desktop/Projects/HCG_project/HCG/IEEEtran/sup/part2_pngs-14.p
ng Graphic file (type png)
<use /home/anand/Desktop/Projects/HCG_project/HCG/IEEEtran/sup/part2_pngs-14.pn
g>
Package pdftex.def Info: /home/anand/Desktop/Projects/HCG_project/HCG/IEEEtran/
sup/part2_pngs-14.png  used on input line 662.
(pdftex.def)             Requested size: 227.62204pt x 128.12035pt.
</home/anand/Desktop/Projects/HCG_project/HCG/IEEEtran/sup/part2_pngs-15.png, i
d=31, 796.8972pt x 448.5558pt>
File: /home/anand/Desktop/Projects/HCG_project/HCG/IEEEtran/sup/part2_pngs-15.p
ng Graphic file (type png)
<use /home/anand/Desktop/Projects/HCG_project/HCG/IEEEtran/sup/part2_pngs-15.pn
g>
Package pdftex.def Info: /home/anand/Desktop/Projects/HCG_project/HCG/IEEEtran/
sup/part2_pngs-15.png  used on input line 663.
(pdftex.def)             Requested size: 227.62204pt x 128.12035pt.
</home/anand/Desktop/Projects/HCG_project/HCG/IEEEtran/sup/binary.png, id=32, 1
926.19624pt x 643.40375pt>
File: /home/anand/Desktop/Projects/HCG_project/HCG/IEEEtran/sup/binary.png Grap
hic file (type png)
<use /home/anand/Desktop/Projects/HCG_project/HCG/IEEEtran/sup/binary.png>
Package pdftex.def Info: /home/anand/Desktop/Projects/HCG_project/HCG/IEEEtran/
sup/binary.png  used on input line 670.
(pdftex.def)             Requested size: 512.14427pt x 256.08066pt.
</home/anand/Desktop/Projects/HCG_project/HCG/IEEEtran/sup/ternary.png, id=34, 
1926.19624pt x 639.38875pt>
File: /home/anand/Desktop/Projects/HCG_project/HCG/IEEEtran/sup/ternary.png Gra
phic file (type png)
<use /home/anand/Desktop/Projects/HCG_project/HCG/IEEEtran/sup/ternary.png>
Package pdftex.def Info: /home/anand/Desktop/Projects/HCG_project/HCG/IEEEtran/
sup/ternary.png  used on input line 674.
(pdftex.def)             Requested size: 512.14427pt x 256.07292pt.
 [1{/var/lib/texmf/fonts/map/pdftex/updmap/pdftex.map}


] [2 </home/anand/Desktop/Projects/HCG_project/HCG/IEEEtran/sup/part1_pngs-05.p
ng> </home/anand/Desktop/Projects/HCG_project/HCG/IEEEtran/sup/part1_pngs-06.pn
g (PNG copy)> </home/anand/Desktop/Projects/HCG_project/HCG/IEEEtran/sup/part1_
pngs-07.png> </home/anand/Desktop/Projects/HCG_project/HCG/IEEEtran/sup/part1_p
ngs-08.png> </home/anand/Desktop/Projects/HCG_project/HCG/IEEEtran/sup/part1_pn
gs-09.png> </home/anand/Desktop/Projects/HCG_project/HCG/IEEEtran/sup/part1_png
s-10.png (PNG copy)> </home/anand/Desktop/Projects/HCG_project/HCG/IEEEtran/sup
/part1_pngs-11.png (PNG copy)> </home/anand/Desktop/Projects/HCG_project/HCG/IE
EEtran/sup/part1_pngs-12.png (PNG copy)>]
[3 </home/anand/Desktop/Projects/HCG_project/HCG/IEEEtran/sup/part1_pngs-13.png
 (PNG copy)> </home/anand/Desktop/Projects/HCG_project/HCG/IEEEtran/sup/part1_p
ngs-14.png (PNG copy)> </home/anand/Desktop/Projects/HCG_project/HCG/IEEEtran/s
up/part1_pngs-15.png (PNG copy)> </home/anand/Desktop/Projects/HCG_project/HCG/
IEEEtran/sup/part1_pngs-16.png (PNG copy)> </home/anand/Desktop/Projects/HCG_pr
oject/HCG/IEEEtran/sup/part1_pngs-17.png (PNG copy)> </home/anand/Desktop/Proje
cts/HCG_project/HCG/IEEEtran/sup/part1_pngs-18.png (PNG copy)> </home/anand/Des
ktop/Projects/HCG_project/HCG/IEEEtran/sup/part1_pngs-19.png (PNG copy)> </home
/anand/Desktop/Projects/HCG_project/HCG/IEEEtran/sup/part1_pngs-20.png (PNG cop
y)>] [4 </home/anand/Desktop/Projects/HCG_project/HCG/IEEEtran/sup/part2_pngs-0
1.png> </home/anand/Desktop/Projects/HCG_project/HCG/IEEEtran/sup/part2_pngs-02
.png (PNG copy)> </home/anand/Desktop/Projects/HCG_project/HCG/IEEEtran/sup/par
t2_pngs-03.png (PNG copy)> </home/anand/Desktop/Projects/HCG_project/HCG/IEEEtr
an/sup/part2_pngs-04.png (PNG copy)> </home/anand/Desktop/Projects/HCG_project/
HCG/IEEEtran/sup/part2_pngs-05.png> </home/anand/Desktop/Projects/HCG_project/H
CG/IEEEtran/sup/part2_pngs-06.png (PNG copy)> </home/anand/Desktop/Projects/HCG
_project/HCG/IEEEtran/sup/part2_pngs-07.png (PNG copy)> </home/anand/Desktop/Pr
ojects/HCG_project/HCG/IEEEtran/sup/part2_pngs-08.png (PNG copy)>] [5 </home/an
and/Desktop/Projects/HCG_project/HCG/IEEEtran/sup/part2_pngs-09.png (PNG copy)>
 </home/anand/Desktop/Projects/HCG_project/HCG/IEEEtran/sup/part2_pngs-10.png (
PNG copy)> </home/anand/Desktop/Projects/HCG_project/HCG/IEEEtran/sup/part2_png
s-11.png (PNG copy)> </home/anand/Desktop/Projects/HCG_project/HCG/IEEEtran/sup
/part2_pngs-12.png (PNG copy)> </home/anand/Desktop/Projects/HCG_project/HCG/IE
EEtran/sup/part2_pngs-13.png (PNG copy)> </home/anand/Desktop/Projects/HCG_proj
ect/HCG/IEEEtran/sup/part2_pngs-14.png (PNG copy)> </home/anand/Desktop/Project
s/HCG_project/HCG/IEEEtran/sup/part2_pngs-15.png (PNG copy)>] [6 </home/anand/D
esktop/Projects/HCG_project/HCG/IEEEtran/sup/binary.png> </home/anand/Desktop/P
rojects/HCG_project/HCG/IEEEtran/sup/ternary.png>] (./sup.aux) ) 
Here is how much of TeX's memory you used:
 4280 strings out of 481239
 78636 string characters out of 5920376
 326813 words of memory out of 5000000
 19469 multiletter control sequences out of 15000+600000
 572209 words of font info for 105 fonts, out of 8000000 for 9000
 1144 hyphenation exceptions out of 8191
 41i,8n,42p,1352b,380s stack positions out of 5000i,500n,10000p,200000b,80000s
{/usr/share/tex
live/texmf-dist/fonts/enc/dvips/base/8r.enc}</usr/share/texlive/texmf-dist/font
s/type1/public/amsfonts/cm/cmr10.pfb></usr/share/texlive/texmf-dist/fonts/type1
/urw/helvetic/uhvb8a.pfb></usr/share/texlive/texmf-dist/fonts/type1/urw/helveti
c/uhvr8a.pfb></usr/share/texlive/texmf-dist/fonts/type1/urw/helvetic/uhvro8a.pf
b></usr/share/texlive/texmf-dist/fonts/type1/urw/palatino/uplr8a.pfb></usr/shar
e/texlive/texmf-dist/fonts/type1/urw/zapfding/uzdr.pfb>
Output written on sup.pdf (6 pages, 2564993 bytes).
PDF statistics:
 84 PDF objects out of 1000 (max. 8388607)
 34 compressed objects within 1 object stream
 0 named destinations out of 1000 (max. 500000)
 166 words of extra memory for PDF output out of 10000 (max. 10000000)

